#
# There is insufficient memory for the Java Runtime Environment to continue.
# Native memory allocation (mmap) failed to map 708837376 bytes for Failed to commit area from 0x0000000095200000 to 0x00000000bf600000 of length 708837376.
# Possible reasons:
#   The system is out of physical RAM or swap space
#   The process is running with CompressedOops enabled, and the Java Heap may be blocking the growth of the native heap
# Possible solutions:
#   Reduce memory load on the system
#   Increase physical memory or swap space
#   Check if swap backing store is full
#   Decrease Java heap size (-Xmx/-Xms)
#   Decrease number of Java threads
#   Decrease Java thread stack sizes (-Xss)
#   Set larger code cache with -XX:ReservedCodeCacheSize=
#   JVM is running with Unscaled Compressed Oops mode in which the Java heap is
#     placed in the first 4GB address space. The Java Heap base address is the
#     maximum limit for the native heap growth. Please use -XX:HeapBaseMinAddress
#     to set the Java Heap base and to place the Java Heap above 4GB virtual address.
# This output file may be truncated or incomplete.
#
#  Out of Memory Error (./src/hotspot/os/windows/os_windows.cpp:3619), pid=5720, tid=5280
#
# JRE version: OpenJDK Runtime Environment (11.0.13) (build 11.0.13+0-b1751.21-8125866)
# Java VM: OpenJDK 64-Bit Server VM (11.0.13+0-b1751.21-8125866, mixed mode, tiered, compressed oops, g1 gc, windows-amd64)
# No core dump will be written. Minidumps are not enabled by default on client versions of Windows
#

---------------  S U M M A R Y ------------

Command Line: --add-opens=java.base/java.util=ALL-UNNAMED --add-opens=java.base/java.lang=ALL-UNNAMED --add-opens=java.base/java.lang.invoke=ALL-UNNAMED --add-opens=java.base/java.util=ALL-UNNAMED --add-opens=java.prefs/java.util.prefs=ALL-UNNAMED --add-opens=java.prefs/java.util.prefs=ALL-UNNAMED --add-opens=java.base/java.nio.charset=ALL-UNNAMED --add-opens=java.base/java.net=ALL-UNNAMED --add-opens=java.base/java.util.concurrent.atomic=ALL-UNNAMED -Xmx2048m -Dfile.encoding=UTF-8 -Duser.country=US -Duser.language=en -Duser.variant org.gradle.launcher.daemon.bootstrap.GradleDaemon 7.4

Host: Intel(R) Core(TM) i3-2330M CPU @ 2.20GHz, 4 cores, 2G,  Windows 7 , 64 bit Build 7601 (6.1.7601.17514)
Time: Tue Sep 20 04:26:37 2022 Egypt Daylight Time elapsed time: 3667.843931 seconds (0d 1h 1m 7s)

---------------  T H R E A D  ---------------

Current thread (0x000000005d912800):  VMThread "VM Thread" [stack: 0x000000005dbd0000,0x000000005dcd0000] [id=5280]

Stack: [0x000000005dbd0000,0x000000005dcd0000]
[error occurred during error reporting (printing stack bounds), id 0xc0000005, EXCEPTION_ACCESS_VIOLATION (0xc0000005) at pc=0x00000000062b112d]

Native frames: (J=compiled Java code, j=interpreted, Vv=VM code, C=native code)
V  [jvm.dll+0x6100fa]
V  [jvm.dll+0x747090]
V  [jvm.dll+0x7486ad]
V  [jvm.dll+0x748ce5]
V  [jvm.dll+0x748c9b]
V  [jvm.dll+0x60f224]
V  [jvm.dll+0x60f9b8]
C  [ntdll.dll+0x29d0d]
C  [ntdll.dll+0x191af]
C  [ntdll.dll+0x51278]
C  0x00000000062b112d

VM_Operation (0x00000000719a65a0): G1CollectForAllocation, mode: safepoint, requested by thread 0x000000006c9f1000


---------------  P R O C E S S  ---------------

Threads class SMR info:
_java_thread_list=0x000000005e869010, length=95, elements={
0x000000000048b000, 0x000000005d916000, 0x000000005d917000, 0x000000005d935000,
0x000000005d938000, 0x000000005d93b000, 0x000000005d93c800, 0x000000005d93d800,
0x000000005d944800, 0x000000005e71e800, 0x000000006002a000, 0x0000000060ba9800,
0x000000005f07a000, 0x000000006078b800, 0x000000006078c800, 0x000000006078d000,
0x0000000060791000, 0x0000000060792000, 0x0000000061616800, 0x0000000061619000,
0x00000000601b1000, 0x000000006185a800, 0x000000006185b800, 0x0000000062c12000,
0x0000000067272800, 0x0000000067278000, 0x00000000679c5800, 0x00000000679c6800,
0x00000000679c7000, 0x00000000679c8000, 0x0000000062c12800, 0x0000000062c13800,
0x0000000062c11000, 0x0000000062c17000, 0x0000000062c16000, 0x0000000062c17800,
0x00000000601b0000, 0x00000000601b4000, 0x00000000601b1800, 0x00000000601b6000,
0x00000000601b2800, 0x00000000601b3800, 0x0000000062c14800, 0x00000000601b6800,
0x00000000601b5000, 0x0000000067274000, 0x0000000067279000, 0x0000000067277800,
0x0000000067273800, 0x0000000067275000, 0x0000000067276000, 0x0000000067276800,
0x0000000061855800, 0x0000000061857000, 0x0000000061858000, 0x0000000061859000,
0x0000000061856800, 0x0000000061855000, 0x0000000061859800, 0x00000000679c9000,
0x00000000679cc000, 0x00000000679cb800, 0x00000000679c9800, 0x00000000679ca800,
0x000000006078e800, 0x000000006078e000, 0x000000006078f800, 0x0000000060790800,
0x0000000062511000, 0x0000000062512000, 0x0000000062512800, 0x0000000062513800,
0x0000000062823000, 0x0000000062823800, 0x0000000062824800, 0x0000000062825800,
0x00000000624d7000, 0x00000000624d8000, 0x00000000624d8800, 0x00000000624d9800,
0x00000000624da000, 0x00000000624db000, 0x0000000062c15000, 0x00000000624dc000,
0x00000000624dc800, 0x00000000624dd800, 0x0000000067718800, 0x0000000067719800,
0x000000006771a800, 0x000000006771b000, 0x000000006771d000, 0x000000006771d800,
0x000000006771c000, 0x000000006c9f1000, 0x000000006c9f0800
}

Java Threads: ( => current thread )
  0x000000000048b000 JavaThread "main" [_thread_blocked, id=5248, stack(0x0000000002260000,0x0000000002360000)]
  0x000000005d916000 JavaThread "Reference Handler" daemon [_thread_blocked, id=5488, stack(0x000000005dd70000,0x000000005de70000)]
  0x000000005d917000 JavaThread "Finalizer" daemon [_thread_blocked, id=5580, stack(0x000000005de70000,0x000000005df70000)]
  0x000000005d935000 JavaThread "Signal Dispatcher" daemon [_thread_blocked, id=1128, stack(0x000000005df70000,0x000000005e070000)]
  0x000000005d938000 JavaThread "Attach Listener" daemon [_thread_blocked, id=5316, stack(0x000000005da70000,0x000000005db70000)]
  0x000000005d93b000 JavaThread "Service Thread" daemon [_thread_blocked, id=3732, stack(0x000000005e260000,0x000000005e360000)]
  0x000000005d93c800 JavaThread "C2 CompilerThread0" daemon [_thread_blocked, id=5360, stack(0x000000005e3b0000,0x000000005e4b0000)]
  0x000000005d93d800 JavaThread "C1 CompilerThread0" daemon [_thread_blocked, id=4836, stack(0x000000005e100000,0x000000005e200000)]
  0x000000005d944800 JavaThread "Sweeper thread" daemon [_thread_blocked, id=3368, stack(0x000000005e560000,0x000000005e660000)]
  0x000000005e71e800 JavaThread "Common-Cleaner" daemon [_thread_blocked, id=5576, stack(0x000000005eb70000,0x000000005ec70000)]
  0x000000006002a000 JavaThread "Daemon health stats" [_thread_blocked, id=3244, stack(0x0000000062f20000,0x0000000063020000)]
  0x0000000060ba9800 JavaThread "Incoming local TCP Connector on port 49835" [_thread_in_native, id=5392, stack(0x0000000061d20000,0x0000000061e20000)]
  0x000000005f07a000 JavaThread "Daemon periodic checks" [_thread_blocked, id=5336, stack(0x00000000637c0000,0x00000000638c0000)]
  0x000000006078b800 JavaThread "Cache worker for journal cache (C:\Users\AMR\.gradle\caches\journal-1)" [_thread_blocked, id=1164, stack(0x00000000643d0000,0x00000000644d0000)]
  0x000000006078c800 JavaThread "File lock request listener" [_thread_in_native, id=1028, stack(0x00000000645f0000,0x00000000646f0000)]
  0x000000006078d000 JavaThread "Cache worker for file hash cache (C:\Users\AMR\.gradle\caches\7.4\fileHashes)" [_thread_blocked, id=4352, stack(0x0000000063d10000,0x0000000063e10000)]
  0x0000000060791000 JavaThread "Cache worker for execution history cache (C:\Users\AMR\.gradle\caches\7.4\executionHistory)" [_thread_blocked, id=2588, stack(0x0000000065800000,0x0000000065900000)]
  0x0000000060792000 JavaThread "jar transforms" [_thread_blocked, id=4952, stack(0x0000000065fc0000,0x00000000660c0000)]
  0x0000000061616800 JavaThread "Cache worker for file content cache (C:\Users\AMR\.gradle\caches\7.4\fileContent)" [_thread_blocked, id=5684, stack(0x0000000066230000,0x0000000066330000)]
  0x0000000061619000 JavaThread "jar transforms Thread 2" [_thread_blocked, id=3800, stack(0x0000000066100000,0x0000000066200000)]
  0x00000000601b1000 JavaThread "jar transforms Thread 3" [_thread_blocked, id=5400, stack(0x0000000066a60000,0x0000000066b60000)]
  0x000000006185a800 JavaThread "jar transforms Thread 4" [_thread_blocked, id=6096, stack(0x000000006b240000,0x000000006b340000)]
  0x000000006185b800 JavaThread "Memory manager" [_thread_blocked, id=5944, stack(0x000000006ab20000,0x000000006ac20000)]
  0x0000000062c12000 JavaThread "pool-3-thread-1" [_thread_blocked, id=3692, stack(0x000000006f070000,0x000000006f170000)]
  0x0000000067272800 JavaThread "pool-6-thread-1" [_thread_blocked, id=1276, stack(0x000000006e800000,0x000000006e900000)]
  0x0000000067278000 JavaThread "RMI Scheduler(0)" daemon [_thread_blocked, id=1248, stack(0x00000000719c0000,0x0000000071ac0000)]
  0x00000000679c5800 JavaThread "RMI GC Daemon" daemon [_thread_blocked, id=4048, stack(0x0000000071e00000,0x0000000071f00000)]
  0x00000000679c6800 JavaThread "RMI TCP Accept-0" daemon [_thread_in_native, id=5420, stack(0x0000000071f70000,0x0000000072070000)]
  0x00000000679c7000 JavaThread "RMI Reaper" [_thread_blocked, id=3712, stack(0x0000000072130000,0x0000000072230000)]
  0x00000000679c8000 JavaThread "ForkJoinPool.commonPool-worker-3" daemon [_thread_blocked, id=1960, stack(0x00000000726f0000,0x00000000727f0000)]
  0x0000000062c12800 JavaThread "Daemon Thread 3" [_thread_blocked, id=5408, stack(0x00000000638c0000,0x00000000639c0000)]
  0x0000000062c13800 JavaThread "Handler for socket connection from /127.0.0.1:49835 to /127.0.0.1:49953" [_thread_in_native, id=5228, stack(0x0000000063ef0000,0x0000000063ff0000)]
  0x0000000062c11000 JavaThread "Cancel handler" [_thread_blocked, id=2900, stack(0x0000000064ec0000,0x0000000064fc0000)]
  0x0000000062c17000 JavaThread "Daemon worker Thread 3" [_thread_blocked, id=5948, stack(0x0000000065390000,0x0000000065490000)]
  0x0000000062c16000 JavaThread "Asynchronous log dispatcher for DefaultDaemonConnection: socket connection from /127.0.0.1:49835 to /127.0.0.1:49953" [_thread_blocked, id=5072, stack(0x0000000067eb0000,0x0000000067fb0000)]
  0x0000000062c17800 JavaThread "Daemon client event forwarder" [_thread_blocked, id=5436, stack(0x00000000644e0000,0x00000000645e0000)]
  0x00000000601b0000 JavaThread "Cache worker for checksums cache (C:\Users\AMR\AndroidStudioProjects\MyShoeStoreApp1stProject\.gradle\7.4\checksums)" [_thread_blocked, id=908, stack(0x0000000068460000,0x0000000068560000)]
  0x00000000601b4000 JavaThread "Cache worker for cache directory md-rule (C:\Users\AMR\.gradle\caches\7.4\md-rule)" [_thread_blocked, id=4744, stack(0x0000000068610000,0x0000000068710000)]
  0x00000000601b1800 JavaThread "Cache worker for file hash cache (C:\Users\AMR\AndroidStudioProjects\MyShoeStoreApp1stProject\.gradle\7.4\fileHashes)" [_thread_blocked, id=3060, stack(0x0000000068710000,0x0000000068810000)]
  0x00000000601b6000 JavaThread "Cache worker for cache directory md-supplier (C:\Users\AMR\.gradle\caches\7.4\md-supplier)" [_thread_blocked, id=2372, stack(0x0000000064010000,0x0000000064110000)]
  0x00000000601b2800 JavaThread "Cache worker for dependencies-accessors (C:\Users\AMR\AndroidStudioProjects\MyShoeStoreApp1stProject\.gradle\7.4\dependencies-accessors)" [_thread_blocked, id=5744, stack(0x0000000068830000,0x0000000068930000)]
  0x00000000601b3800 JavaThread "Cache worker for Build Output Cleanup Cache (C:\Users\AMR\AndroidStudioProjects\MyShoeStoreApp1stProject\.gradle\buildOutputCleanup)" [_thread_blocked, id=5312, stack(0x00000000636a0000,0x00000000637a0000)]
  0x0000000062c14800 JavaThread "Unconstrained build operations" [_thread_blocked, id=5328, stack(0x0000000067fc0000,0x00000000680c0000)]
  0x00000000601b6800 JavaThread "Unconstrained build operations Thread 2" [_thread_blocked, id=2672, stack(0x0000000068a10000,0x0000000068b10000)]
  0x00000000601b5000 JavaThread "Unconstrained build operations Thread 3" [_thread_blocked, id=5204, stack(0x00000000648f0000,0x00000000649f0000)]
  0x0000000067274000 JavaThread "Unconstrained build operations Thread 4" [_thread_blocked, id=1264, stack(0x0000000066b60000,0x0000000066c60000)]
  0x0000000067279000 JavaThread "Unconstrained build operations Thread 5" [_thread_blocked, id=5852, stack(0x0000000068bf0000,0x0000000068cf0000)]
  0x0000000067277800 JavaThread "Unconstrained build operations Thread 6" [_thread_blocked, id=804, stack(0x0000000068e60000,0x0000000068f60000)]
  0x0000000067273800 JavaThread "Unconstrained build operations Thread 7" [_thread_blocked, id=5632, stack(0x0000000069020000,0x0000000069120000)]
  0x0000000067275000 JavaThread "Unconstrained build operations Thread 8" [_thread_blocked, id=5712, stack(0x0000000069120000,0x0000000069220000)]
  0x0000000067276000 JavaThread "Unconstrained build operations Thread 9" [_thread_blocked, id=4516, stack(0x0000000069320000,0x0000000069420000)]
  0x0000000067276800 JavaThread "Unconstrained build operations Thread 10" [_thread_blocked, id=956, stack(0x0000000069520000,0x0000000069620000)]
  0x0000000061855800 JavaThread "Unconstrained build operations Thread 11" [_thread_blocked, id=1896, stack(0x0000000069420000,0x0000000069520000)]
  0x0000000061857000 JavaThread "Unconstrained build operations Thread 12" [_thread_blocked, id=5060, stack(0x0000000069750000,0x0000000069850000)]
  0x0000000061858000 JavaThread "Unconstrained build operations Thread 13" [_thread_blocked, id=6052, stack(0x0000000069640000,0x0000000069740000)]
  0x0000000061859000 JavaThread "Unconstrained build operations Thread 14" [_thread_blocked, id=5804, stack(0x0000000069890000,0x0000000069990000)]
  0x0000000061856800 JavaThread "Unconstrained build operations Thread 15" [_thread_blocked, id=5196, stack(0x0000000069990000,0x0000000069a90000)]
  0x0000000061855000 JavaThread "Unconstrained build operations Thread 16" [_thread_blocked, id=4476, stack(0x0000000069b80000,0x0000000069c80000)]
  0x0000000061859800 JavaThread "Unconstrained build operations Thread 17" [_thread_blocked, id=4284, stack(0x0000000069cb0000,0x0000000069db0000)]
  0x00000000679c9000 JavaThread "Unconstrained build operations Thread 18" [_thread_blocked, id=5136, stack(0x0000000068d40000,0x0000000068e40000)]
  0x00000000679cc000 JavaThread "Unconstrained build operations Thread 19" [_thread_blocked, id=3568, stack(0x0000000069ed0000,0x0000000069fd0000)]
  0x00000000679cb800 JavaThread "Unconstrained build operations Thread 20" [_thread_blocked, id=6116, stack(0x000000006a130000,0x000000006a230000)]
  0x00000000679c9800 JavaThread "Unconstrained build operations Thread 21" [_thread_blocked, id=6008, stack(0x0000000069fe0000,0x000000006a0e0000)]
  0x00000000679ca800 JavaThread "Unconstrained build operations Thread 22" [_thread_blocked, id=704, stack(0x000000006a380000,0x000000006a480000)]
  0x000000006078e800 JavaThread "Unconstrained build operations Thread 23" [_thread_blocked, id=5616, stack(0x000000006a270000,0x000000006a370000)]
  0x000000006078e000 JavaThread "Unconstrained build operations Thread 24" [_thread_blocked, id=5612, stack(0x000000006a490000,0x000000006a590000)]
  0x000000006078f800 JavaThread "Unconstrained build operations Thread 25" [_thread_blocked, id=5820, stack(0x000000006a700000,0x000000006a800000)]
  0x0000000060790800 JavaThread "Unconstrained build operations Thread 26" [_thread_blocked, id=3360, stack(0x000000006a600000,0x000000006a700000)]
  0x0000000062511000 JavaThread "Unconstrained build operations Thread 27" [_thread_blocked, id=5448, stack(0x000000006a890000,0x000000006a990000)]
  0x0000000062512000 JavaThread "Unconstrained build operations Thread 28" [_thread_blocked, id=2636, stack(0x000000006a990000,0x000000006aa90000)]
  0x0000000062512800 JavaThread "Unconstrained build operations Thread 29" [_thread_blocked, id=2092, stack(0x0000000069220000,0x0000000069320000)]
  0x0000000062513800 JavaThread "Unconstrained build operations Thread 30" [_thread_blocked, id=5540, stack(0x000000006ac30000,0x000000006ad30000)]
  0x0000000062823000 JavaThread "Unconstrained build operations Thread 31" [_thread_blocked, id=1660, stack(0x000000006ade0000,0x000000006aee0000)]
  0x0000000062823800 JavaThread "Unconstrained build operations Thread 32" [_thread_blocked, id=2600, stack(0x000000006aef0000,0x000000006aff0000)]
  0x0000000062824800 JavaThread "Unconstrained build operations Thread 33" [_thread_blocked, id=5148, stack(0x000000006b070000,0x000000006b170000)]
  0x0000000062825800 JavaThread "Unconstrained build operations Thread 34" [_thread_blocked, id=5732, stack(0x000000006b460000,0x000000006b560000)]
  0x00000000624d7000 JavaThread "Unconstrained build operations Thread 35" [_thread_blocked, id=5916, stack(0x000000006b570000,0x000000006b670000)]
  0x00000000624d8000 JavaThread "Unconstrained build operations Thread 36" [_thread_blocked, id=2448, stack(0x000000006b350000,0x000000006b450000)]
  0x00000000624d8800 JavaThread "Unconstrained build operations Thread 37" [_thread_blocked, id=5028, stack(0x000000006b760000,0x000000006b860000)]
  0x00000000624d9800 JavaThread "Unconstrained build operations Thread 38" [_thread_blocked, id=2776, stack(0x000000006dfa0000,0x000000006e0a0000)]
  0x00000000624da000 JavaThread "Unconstrained build operations Thread 39" [_thread_blocked, id=4640, stack(0x000000006b870000,0x000000006b970000)]
  0x00000000624db000 JavaThread "Unconstrained build operations Thread 40" [_thread_blocked, id=5692, stack(0x000000006f180000,0x000000006f280000)]
  0x0000000062c15000 JavaThread "build event listener" [_thread_blocked, id=1828, stack(0x0000000064fc0000,0x00000000650c0000)]
  0x00000000624dc000 JavaThread "pool-10-thread-1" [_thread_blocked, id=4536, stack(0x000000006ef50000,0x000000006f050000)]
  0x00000000624dc800 JavaThread "build event listener" [_thread_blocked, id=2260, stack(0x000000006f330000,0x000000006f430000)]
  0x00000000624dd800 JavaThread "included builds" [_thread_blocked, id=948, stack(0x0000000069db0000,0x0000000069eb0000)]
  0x0000000067718800 JavaThread "Execution worker for ':'" [_thread_blocked, id=1416, stack(0x00000000704a0000,0x00000000705a0000)]
  0x0000000067719800 JavaThread "Execution worker for ':' Thread 2" [_thread_blocked, id=3164, stack(0x0000000070bc0000,0x0000000070cc0000)]
  0x000000006771a800 JavaThread "Execution worker for ':' Thread 3" [_thread_blocked, id=5368, stack(0x0000000070df0000,0x0000000070ef0000)]
  0x000000006771b000 JavaThread "Cache worker for execution history cache (C:\Users\AMR\AndroidStudioProjects\MyShoeStoreApp1stProject\.gradle\7.4\executionHistory)" [_thread_blocked, id=2276, stack(0x0000000071020000,0x0000000071120000)]
  0x000000006771d000 JavaThread "WorkerExecutor Queue" [_thread_blocked, id=4584, stack(0x00000000725e0000,0x00000000726e0000)]
  0x000000006771d800 JavaThread "WorkerExecutor Queue Thread 2" [_thread_blocked, id=2644, stack(0x0000000072240000,0x0000000072340000)]
  0x000000006771c000 JavaThread "WorkerExecutor Queue Thread 3" [_thread_blocked, id=512, stack(0x0000000074b90000,0x0000000074c90000)]
  0x000000006c9f1000 JavaThread "WorkerExecutor Queue Thread 4" [_thread_blocked, id=3464, stack(0x00000000718b0000,0x00000000719b0000)]
  0x000000006c9f0800 JavaThread "RMI TCP Connection(26)-127.0.0.1" daemon [_thread_in_native, id=1388, stack(0x0000000070cf0000,0x0000000070df0000)]

Other Threads:
=>0x000000005d912800 VMThread "VM Thread" [stack: 0x000000005dbd0000,0x000000005dcd0000] [id=5280]
  0x000000005e72c000 WatcherThread [stack: 0x000000005ee30000,0x000000005ef30000] [id=5920]
  0x00000000004a5000 GCTaskThread "GC Thread#0" [stack: 0x0000000015510000,0x0000000015610000] [id=3532]
  0x000000005e88e000 GCTaskThread "GC Thread#1" [stack: 0x000000005f880000,0x000000005f980000] [id=1824]
  0x00000000607bf800 GCTaskThread "GC Thread#2" [stack: 0x00000000633a0000,0x00000000634a0000] [id=6108]
  0x0000000061f50800 GCTaskThread "GC Thread#3" [stack: 0x0000000063220000,0x0000000063320000] [id=1364]
  0x00000000004d5800 ConcurrentGCThread "G1 Main Marker" [stack: 0x000000001a6f0000,0x000000001a7f0000] [id=4272]
  0x00000000004d7000 ConcurrentGCThread "G1 Conc#0" [stack: 0x000000001a920000,0x000000001aa20000] [id=1344]
  0x000000001cc59800 ConcurrentGCThread "G1 Refine#0" [stack: 0x000000001cf20000,0x000000001d020000] [id=5268]
  0x000000001cc5a000 ConcurrentGCThread "G1 Young RemSet Sampling" [stack: 0x000000001cda0000,0x000000001cea0000] [id=5232]

Threads with active compile tasks:
C2 CompilerThread03668855 21094   !   4       com.sun.tools.javac.jvm.ClassReader::classSigToType (498 bytes)

VM state:at safepoint (normal execution)

VM Mutex/Monitor currently owned by a thread:  ([mutex/lock_event])
[0x0000000000487060] Threads_lock - owner thread: 0x000000005d912800
[0x0000000000487840] Heap_lock - owner thread: 0x000000006c9f1000

Heap address: 0x0000000080000000, size: 2048 MB, Compressed Oops mode: 32-bit
Narrow klass base: 0x0000000000000000, Narrow klass shift: 0
Compressed class space size: 1073741824 Address: 0x000000001d020000

Heap:
 garbage-first heap   total 1038336K, used 191990K [0x0000000080000000, 0x0000000100000000)
  region size 1024K, 2 young (2048K), 2 survivors (2048K)
 Metaspace       used 143291K, capacity 146611K, committed 147152K, reserved 1177600K
  class space    used 17365K, capacity 18664K, committed 18816K, reserved 1048576K
Heap Regions: E=young(eden), S=young(survivor), O=old, HS=humongous(starts), HC=humongous(continues), CS=collection set, F=free, A=archive, TAMS=top-at-mark-start (previous, next)
|   0|0x0000000080000000, 0x0000000080100000, 0x0000000080100000|100%|HS|  |TAMS 0x0000000080100000, 0x0000000080000000| Complete 
|   1|0x0000000080100000, 0x0000000080200000, 0x0000000080200000|100%|HC|  |TAMS 0x0000000080200000, 0x0000000080100000| Complete 
|   2|0x0000000080200000, 0x0000000080300000, 0x0000000080300000|100%|HC|  |TAMS 0x0000000080300000, 0x0000000080200000| Complete 
|   3|0x0000000080300000, 0x0000000080400000, 0x0000000080400000|100%| O|  |TAMS 0x0000000080400000, 0x0000000080300000| Untracked 
|   4|0x0000000080400000, 0x0000000080500000, 0x0000000080500000|100%| O|  |TAMS 0x0000000080500000, 0x0000000080400000| Untracked 
|   5|0x0000000080500000, 0x0000000080600000, 0x0000000080600000|100%| O|  |TAMS 0x0000000080600000, 0x0000000080500000| Untracked 
|   6|0x0000000080600000, 0x0000000080700000, 0x0000000080700000|100%| O|  |TAMS 0x0000000080700000, 0x0000000080600000| Untracked 
|   7|0x0000000080700000, 0x0000000080800000, 0x0000000080800000|100%| O|  |TAMS 0x0000000080800000, 0x0000000080700000| Complete 
|   8|0x0000000080800000, 0x0000000080900000, 0x0000000080900000|100%| O|  |TAMS 0x0000000080900000, 0x0000000080800000| Untracked 
|   9|0x0000000080900000, 0x0000000080a00000, 0x0000000080a00000|100%| O|  |TAMS 0x0000000080a00000, 0x0000000080900000| Untracked 
|  10|0x0000000080a00000, 0x0000000080b00000, 0x0000000080b00000|100%| O|  |TAMS 0x0000000080b00000, 0x0000000080a00000| Untracked 
|  11|0x0000000080b00000, 0x0000000080c00000, 0x0000000080c00000|100%| O|  |TAMS 0x0000000080c00000, 0x0000000080b00000| Untracked 
|  12|0x0000000080c00000, 0x0000000080d00000, 0x0000000080d00000|100%| O|  |TAMS 0x0000000080d00000, 0x0000000080c00000| Untracked 
|  13|0x0000000080d00000, 0x0000000080e00000, 0x0000000080e00000|100%| O|  |TAMS 0x0000000080e00000, 0x0000000080d00000| Untracked 
|  14|0x0000000080e00000, 0x0000000080f00000, 0x0000000080f00000|100%| O|  |TAMS 0x0000000080f00000, 0x0000000080e00000| Untracked 
|  15|0x0000000080f00000, 0x0000000081000000, 0x0000000081000000|100%| O|  |TAMS 0x0000000081000000, 0x0000000080f00000| Complete 
|  16|0x0000000081000000, 0x0000000081100000, 0x0000000081100000|100%| O|  |TAMS 0x0000000081100000, 0x0000000081000000| Complete 
|  17|0x0000000081100000, 0x0000000081200000, 0x0000000081200000|100%| O|  |TAMS 0x0000000081200000, 0x0000000081100000| Complete 
|  18|0x0000000081200000, 0x0000000081300000, 0x0000000081300000|100%| O|  |TAMS 0x0000000081300000, 0x0000000081200000| Complete 
|  19|0x0000000081300000, 0x0000000081400000, 0x0000000081400000|100%| O|  |TAMS 0x0000000081400000, 0x0000000081300000| Complete 
|  20|0x0000000081400000, 0x0000000081500000, 0x0000000081500000|100%| O|  |TAMS 0x0000000081500000, 0x0000000081400000| Complete 
|  21|0x0000000081500000, 0x0000000081600000, 0x0000000081600000|100%| O|  |TAMS 0x0000000081600000, 0x0000000081500000| Complete 
|  22|0x0000000081600000, 0x0000000081700000, 0x0000000081700000|100%| O|  |TAMS 0x0000000081700000, 0x0000000081600000| Complete 
|  23|0x0000000081700000, 0x0000000081800000, 0x0000000081800000|100%| O|  |TAMS 0x0000000081800000, 0x0000000081700000| Complete 
|  24|0x0000000081800000, 0x0000000081900000, 0x0000000081900000|100%| O|  |TAMS 0x0000000081900000, 0x0000000081800000| Complete 
|  25|0x0000000081900000, 0x0000000081a00000, 0x0000000081a00000|100%| O|  |TAMS 0x0000000081a00000, 0x0000000081900000| Complete 
|  26|0x0000000081a00000, 0x0000000081b00000, 0x0000000081b00000|100%| O|  |TAMS 0x0000000081b00000, 0x0000000081a00000| Complete 
|  27|0x0000000081b00000, 0x0000000081c00000, 0x0000000081c00000|100%| O|  |TAMS 0x0000000081c00000, 0x0000000081b00000| Untracked 
|  28|0x0000000081c00000, 0x0000000081d00000, 0x0000000081d00000|100%| O|  |TAMS 0x0000000081d00000, 0x0000000081c00000| Complete 
|  29|0x0000000081d00000, 0x0000000081e00000, 0x0000000081e00000|100%| O|  |TAMS 0x0000000081e00000, 0x0000000081d00000| Complete 
|  30|0x0000000081e00000, 0x0000000081f00000, 0x0000000081f00000|100%|HS|  |TAMS 0x0000000081f00000, 0x0000000081e00000| Complete 
|  31|0x0000000081f00000, 0x0000000082000000, 0x0000000082000000|100%| O|  |TAMS 0x0000000082000000, 0x0000000081f00000| Complete 
|  32|0x0000000082000000, 0x0000000082100000, 0x0000000082100000|100%|HS|  |TAMS 0x0000000082100000, 0x0000000082000000| Complete 
|  33|0x0000000082100000, 0x0000000082200000, 0x0000000082200000|100%| O|  |TAMS 0x0000000082200000, 0x0000000082100000| Complete 
|  34|0x0000000082200000, 0x0000000082300000, 0x0000000082300000|100%|HS|  |TAMS 0x0000000082300000, 0x0000000082200000| Complete 
|  35|0x0000000082300000, 0x0000000082400000, 0x0000000082400000|100%| O|  |TAMS 0x0000000082400000, 0x0000000082300000| Untracked 
|  36|0x0000000082400000, 0x0000000082500000, 0x0000000082500000|100%| O|  |TAMS 0x0000000082500000, 0x0000000082400000| Complete 
|  37|0x0000000082500000, 0x0000000082600000, 0x0000000082600000|100%|HS|  |TAMS 0x0000000082600000, 0x0000000082500000| Complete 
|  38|0x0000000082600000, 0x0000000082700000, 0x0000000082700000|100%|HC|  |TAMS 0x0000000082700000, 0x0000000082600000| Complete 
|  39|0x0000000082700000, 0x0000000082800000, 0x0000000082800000|100%|HC|  |TAMS 0x0000000082800000, 0x0000000082700000| Complete 
|  40|0x0000000082800000, 0x0000000082900000, 0x0000000082900000|100%| O|  |TAMS 0x0000000082900000, 0x0000000082800000| Untracked 
|  41|0x0000000082900000, 0x0000000082a00000, 0x0000000082a00000|100%| O|  |TAMS 0x0000000082a00000, 0x0000000082900000| Untracked 
|  42|0x0000000082a00000, 0x0000000082b00000, 0x0000000082b00000|100%| O|  |TAMS 0x0000000082b00000, 0x0000000082a00000| Untracked 
|  43|0x0000000082b00000, 0x0000000082c00000, 0x0000000082c00000|100%| O|  |TAMS 0x0000000082c00000, 0x0000000082b00000| Untracked 
|  44|0x0000000082c00000, 0x0000000082d00000, 0x0000000082d00000|100%|HS|  |TAMS 0x0000000082d00000, 0x0000000082c00000| Complete 
|  45|0x0000000082d00000, 0x0000000082e00000, 0x0000000082e00000|100%|HC|  |TAMS 0x0000000082e00000, 0x0000000082d00000| Complete 
|  46|0x0000000082e00000, 0x0000000082f00000, 0x0000000082f00000|100%| O|  |TAMS 0x0000000082f00000, 0x0000000082e00000| Complete 
|  47|0x0000000082f00000, 0x0000000083000000, 0x0000000083000000|100%| O|  |TAMS 0x0000000083000000, 0x0000000082f00000| Complete 
|  48|0x0000000083000000, 0x0000000083100000, 0x0000000083100000|100%| O|  |TAMS 0x0000000083100000, 0x0000000083000000| Complete 
|  49|0x0000000083100000, 0x0000000083200000, 0x0000000083200000|100%| O|  |TAMS 0x0000000083200000, 0x0000000083100000| Complete 
|  50|0x0000000083200000, 0x0000000083300000, 0x0000000083300000|100%| O|  |TAMS 0x0000000083300000, 0x0000000083200000| Complete 
|  51|0x0000000083300000, 0x0000000083400000, 0x0000000083400000|100%| O|  |TAMS 0x0000000083400000, 0x0000000083300000| Complete 
|  52|0x0000000083400000, 0x0000000083500000, 0x0000000083500000|100%| O|  |TAMS 0x0000000083500000, 0x0000000083400000| Complete 
|  53|0x0000000083500000, 0x0000000083600000, 0x0000000083600000|100%| O|  |TAMS 0x0000000083600000, 0x0000000083500000| Untracked 
|  54|0x0000000083600000, 0x0000000083700000, 0x0000000083700000|100%| O|  |TAMS 0x0000000083700000, 0x0000000083600000| Complete 
|  55|0x0000000083700000, 0x0000000083800000, 0x0000000083800000|100%| O|  |TAMS 0x0000000083800000, 0x0000000083700000| Complete 
|  56|0x0000000083800000, 0x0000000083900000, 0x0000000083900000|100%| O|  |TAMS 0x0000000083900000, 0x0000000083800000| Complete 
|  57|0x0000000083900000, 0x0000000083a00000, 0x0000000083a00000|100%| O|  |TAMS 0x0000000083a00000, 0x0000000083900000| Complete 
|  58|0x0000000083a00000, 0x0000000083b00000, 0x0000000083b00000|100%| O|  |TAMS 0x0000000083b00000, 0x0000000083a00000| Untracked 
|  59|0x0000000083b00000, 0x0000000083c00000, 0x0000000083c00000|100%| O|  |TAMS 0x0000000083c00000, 0x0000000083b00000| Untracked 
|  60|0x0000000083c00000, 0x0000000083d00000, 0x0000000083d00000|100%| O|  |TAMS 0x0000000083d00000, 0x0000000083c00000| Untracked 
|  61|0x0000000083d00000, 0x0000000083e00000, 0x0000000083e00000|100%| O|  |TAMS 0x0000000083e00000, 0x0000000083d00000| Complete 
|  62|0x0000000083e00000, 0x0000000083f00000, 0x0000000083f00000|100%| O|  |TAMS 0x0000000083f00000, 0x0000000083e00000| Untracked 
|  63|0x0000000083f00000, 0x0000000084000000, 0x0000000084000000|100%| O|  |TAMS 0x0000000084000000, 0x0000000083f00000| Complete 
|  64|0x0000000084000000, 0x0000000084100000, 0x0000000084100000|100%| O|  |TAMS 0x0000000084100000, 0x0000000084000000| Untracked 
|  65|0x0000000084100000, 0x0000000084200000, 0x0000000084200000|100%| O|  |TAMS 0x0000000084200000, 0x0000000084100000| Untracked 
|  66|0x0000000084200000, 0x0000000084300000, 0x0000000084300000|100%| O|  |TAMS 0x0000000084300000, 0x0000000084200000| Complete 
|  67|0x0000000084300000, 0x0000000084400000, 0x0000000084400000|100%| O|  |TAMS 0x0000000084400000, 0x0000000084300000| Complete 
|  68|0x0000000084400000, 0x0000000084500000, 0x0000000084500000|100%| O|  |TAMS 0x0000000084500000, 0x0000000084400000| Complete 
|  69|0x0000000084500000, 0x0000000084600000, 0x0000000084600000|100%| O|  |TAMS 0x0000000084600000, 0x0000000084500000| Complete 
|  70|0x0000000084600000, 0x0000000084700000, 0x0000000084700000|100%| O|  |TAMS 0x0000000084700000, 0x0000000084600000| Complete 
|  71|0x0000000084700000, 0x0000000084800000, 0x0000000084800000|100%| O|  |TAMS 0x0000000084800000, 0x0000000084700000| Untracked 
|  72|0x0000000084800000, 0x0000000084900000, 0x0000000084900000|100%| O|  |TAMS 0x0000000084900000, 0x0000000084800000| Complete 
|  73|0x0000000084900000, 0x0000000084a00000, 0x0000000084a00000|100%| O|  |TAMS 0x0000000084a00000, 0x0000000084900000| Untracked 
|  74|0x0000000084a00000, 0x0000000084b00000, 0x0000000084b00000|100%| O|  |TAMS 0x0000000084b00000, 0x0000000084a00000| Untracked 
|  75|0x0000000084b00000, 0x0000000084c00000, 0x0000000084c00000|100%| O|  |TAMS 0x0000000084c00000, 0x0000000084b00000| Untracked 
|  76|0x0000000084c00000, 0x0000000084d00000, 0x0000000084d00000|100%| O|  |TAMS 0x0000000084d00000, 0x0000000084c00000| Untracked 
|  77|0x0000000084d00000, 0x0000000084e00000, 0x0000000084e00000|100%| O|  |TAMS 0x0000000084e00000, 0x0000000084d00000| Complete 
|  78|0x0000000084e00000, 0x0000000084f00000, 0x0000000084f00000|100%| O|  |TAMS 0x0000000084f00000, 0x0000000084e00000| Untracked 
|  79|0x0000000084f00000, 0x0000000085000000, 0x0000000085000000|100%| O|  |TAMS 0x0000000085000000, 0x0000000084f00000| Untracked 
|  80|0x0000000085000000, 0x0000000085100000, 0x0000000085100000|100%| O|  |TAMS 0x0000000085100000, 0x0000000085000000| Complete 
|  81|0x0000000085100000, 0x0000000085200000, 0x0000000085200000|100%| O|  |TAMS 0x0000000085200000, 0x0000000085100000| Untracked 
|  82|0x0000000085200000, 0x0000000085300000, 0x0000000085300000|100%| O|  |TAMS 0x0000000085300000, 0x0000000085200000| Untracked 
|  83|0x0000000085300000, 0x0000000085400000, 0x0000000085400000|100%| O|  |TAMS 0x0000000085400000, 0x0000000085300000| Complete 
|  84|0x0000000085400000, 0x0000000085500000, 0x0000000085500000|100%| O|  |TAMS 0x0000000085500000, 0x0000000085400000| Untracked 
|  85|0x0000000085500000, 0x0000000085600000, 0x0000000085600000|100%| O|  |TAMS 0x0000000085600000, 0x0000000085500000| Complete 
|  86|0x0000000085600000, 0x0000000085700000, 0x0000000085700000|100%| O|  |TAMS 0x0000000085700000, 0x0000000085600000| Untracked 
|  87|0x0000000085700000, 0x0000000085800000, 0x0000000085800000|100%| O|  |TAMS 0x0000000085800000, 0x0000000085700000| Untracked 
|  88|0x0000000085800000, 0x0000000085900000, 0x0000000085900000|100%| O|  |TAMS 0x0000000085900000, 0x0000000085800000| Untracked 
|  89|0x0000000085900000, 0x0000000085a00000, 0x0000000085a00000|100%| O|  |TAMS 0x0000000085a00000, 0x0000000085900000| Complete 
|  90|0x0000000085a00000, 0x0000000085b00000, 0x0000000085b00000|100%| O|  |TAMS 0x0000000085b00000, 0x0000000085a00000| Complete 
|  91|0x0000000085b00000, 0x0000000085c00000, 0x0000000085c00000|100%| O|  |TAMS 0x0000000085c00000, 0x0000000085b00000| Untracked 
|  92|0x0000000085c00000, 0x0000000085d00000, 0x0000000085d00000|100%| O|  |TAMS 0x0000000085d00000, 0x0000000085c00000| Untracked 
|  93|0x0000000085d00000, 0x0000000085e00000, 0x0000000085e00000|100%| O|  |TAMS 0x0000000085e00000, 0x0000000085d00000| Untracked 
|  94|0x0000000085e00000, 0x0000000085f00000, 0x0000000085f00000|100%| O|  |TAMS 0x0000000085f00000, 0x0000000085e00000| Complete 
|  95|0x0000000085f00000, 0x0000000086000000, 0x0000000086000000|100%| O|  |TAMS 0x0000000086000000, 0x0000000085f00000| Untracked 
|  96|0x0000000086000000, 0x0000000086100000, 0x0000000086100000|100%| O|  |TAMS 0x0000000086100000, 0x0000000086000000| Untracked 
|  97|0x0000000086100000, 0x0000000086200000, 0x0000000086200000|100%| O|  |TAMS 0x0000000086200000, 0x0000000086100000| Complete 
|  98|0x0000000086200000, 0x0000000086300000, 0x0000000086300000|100%| O|  |TAMS 0x0000000086300000, 0x0000000086200000| Complete 
|  99|0x0000000086300000, 0x0000000086400000, 0x0000000086400000|100%| O|  |TAMS 0x0000000086400000, 0x0000000086300000| Untracked 
| 100|0x0000000086400000, 0x0000000086500000, 0x0000000086500000|100%| O|  |TAMS 0x0000000086500000, 0x0000000086400000| Complete 
| 101|0x0000000086500000, 0x0000000086600000, 0x0000000086600000|100%| O|  |TAMS 0x0000000086600000, 0x0000000086500000| Untracked 
| 102|0x0000000086600000, 0x0000000086700000, 0x0000000086700000|100%| O|  |TAMS 0x0000000086700000, 0x0000000086600000| Complete 
| 103|0x0000000086700000, 0x0000000086800000, 0x0000000086800000|100%| O|  |TAMS 0x0000000086800000, 0x0000000086700000| Complete 
| 104|0x0000000086800000, 0x0000000086900000, 0x0000000086900000|100%| O|  |TAMS 0x0000000086900000, 0x0000000086800000| Untracked 
| 105|0x0000000086900000, 0x0000000086a00000, 0x0000000086a00000|100%| O|  |TAMS 0x0000000086a00000, 0x0000000086900000| Untracked 
| 106|0x0000000086a00000, 0x0000000086b00000, 0x0000000086b00000|100%| O|  |TAMS 0x0000000086b00000, 0x0000000086a00000| Complete 
| 107|0x0000000086b00000, 0x0000000086c00000, 0x0000000086c00000|100%| O|  |TAMS 0x0000000086c00000, 0x0000000086b00000| Untracked 
| 108|0x0000000086c00000, 0x0000000086d00000, 0x0000000086d00000|100%| O|  |TAMS 0x0000000086d00000, 0x0000000086c00000| Untracked 
| 109|0x0000000086d00000, 0x0000000086e00000, 0x0000000086e00000|100%| O|  |TAMS 0x0000000086e00000, 0x0000000086d00000| Complete 
| 110|0x0000000086e00000, 0x0000000086f00000, 0x0000000086f00000|100%| O|  |TAMS 0x0000000086f00000, 0x0000000086e00000| Complete 
| 111|0x0000000086f00000, 0x0000000087000000, 0x0000000087000000|100%| O|  |TAMS 0x0000000087000000, 0x0000000086f00000| Untracked 
| 112|0x0000000087000000, 0x0000000087100000, 0x0000000087100000|100%| O|  |TAMS 0x0000000087100000, 0x0000000087000000| Complete 
| 113|0x0000000087100000, 0x0000000087200000, 0x0000000087200000|100%| O|  |TAMS 0x0000000087200000, 0x0000000087100000| Complete 
| 114|0x0000000087200000, 0x0000000087300000, 0x0000000087300000|100%| O|  |TAMS 0x0000000087300000, 0x0000000087200000| Complete 
| 115|0x0000000087300000, 0x0000000087400000, 0x0000000087400000|100%| O|  |TAMS 0x0000000087400000, 0x0000000087300000| Complete 
| 116|0x0000000087400000, 0x0000000087500000, 0x0000000087500000|100%| O|  |TAMS 0x0000000087500000, 0x0000000087400000| Untracked 
| 117|0x0000000087500000, 0x0000000087600000, 0x0000000087600000|100%| O|  |TAMS 0x0000000087600000, 0x0000000087500000| Complete 
| 118|0x0000000087600000, 0x0000000087700000, 0x0000000087700000|100%|HS|  |TAMS 0x0000000087700000, 0x0000000087600000| Complete 
| 119|0x0000000087700000, 0x0000000087800000, 0x0000000087800000|100%|HC|  |TAMS 0x0000000087800000, 0x0000000087700000| Complete 
| 120|0x0000000087800000, 0x0000000087900000, 0x0000000087900000|100%|HC|  |TAMS 0x0000000087900000, 0x0000000087800000| Complete 
| 121|0x0000000087900000, 0x0000000087a00000, 0x0000000087a00000|100%|HS|  |TAMS 0x0000000087a00000, 0x0000000087900000| Complete 
| 122|0x0000000087a00000, 0x0000000087b00000, 0x0000000087b00000|100%|HC|  |TAMS 0x0000000087b00000, 0x0000000087a00000| Complete 
| 123|0x0000000087b00000, 0x0000000087c00000, 0x0000000087c00000|100%| O|  |TAMS 0x0000000087c00000, 0x0000000087b00000| Untracked 
| 124|0x0000000087c00000, 0x0000000087d00000, 0x0000000087d00000|100%| O|  |TAMS 0x0000000087d00000, 0x0000000087c00000| Untracked 
| 125|0x0000000087d00000, 0x0000000087e00000, 0x0000000087e00000|100%| O|  |TAMS 0x0000000087e00000, 0x0000000087d00000| Complete 
| 126|0x0000000087e00000, 0x0000000087f00000, 0x0000000087f00000|100%|HS|  |TAMS 0x0000000087f00000, 0x0000000087e00000| Complete 
| 127|0x0000000087f00000, 0x0000000088000000, 0x0000000088000000|100%| O|  |TAMS 0x0000000088000000, 0x0000000087f00000| Untracked 
| 128|0x0000000088000000, 0x0000000088100000, 0x0000000088100000|100%| O|  |TAMS 0x0000000088100000, 0x0000000088000000| Untracked 
| 129|0x0000000088100000, 0x0000000088200000, 0x0000000088200000|100%| O|  |TAMS 0x0000000088200000, 0x0000000088100000| Complete 
| 130|0x0000000088200000, 0x0000000088300000, 0x0000000088300000|100%| O|  |TAMS 0x0000000088300000, 0x0000000088200000| Complete 
| 131|0x0000000088300000, 0x0000000088400000, 0x0000000088400000|100%| O|  |TAMS 0x0000000088400000, 0x0000000088300000| Untracked 
| 132|0x0000000088400000, 0x0000000088500000, 0x0000000088500000|100%| O|  |TAMS 0x0000000088500000, 0x0000000088400000| Complete 
| 133|0x0000000088500000, 0x0000000088600000, 0x0000000088600000|100%| O|  |TAMS 0x0000000088600000, 0x0000000088500000| Complete 
| 134|0x0000000088600000, 0x0000000088700000, 0x0000000088700000|100%| O|  |TAMS 0x0000000088700000, 0x0000000088600000| Complete 
| 135|0x0000000088700000, 0x0000000088800000, 0x0000000088800000|100%| O|  |TAMS 0x0000000088800000, 0x0000000088700000| Complete 
| 136|0x0000000088800000, 0x0000000088900000, 0x0000000088900000|100%| O|  |TAMS 0x0000000088900000, 0x0000000088800000| Complete 
| 137|0x0000000088900000, 0x0000000088a00000, 0x0000000088a00000|100%| O|  |TAMS 0x0000000088a00000, 0x0000000088900000| Untracked 
| 138|0x0000000088a00000, 0x0000000088b00000, 0x0000000088b00000|100%| O|  |TAMS 0x0000000088b00000, 0x0000000088a00000| Untracked 
| 139|0x0000000088b00000, 0x0000000088c00000, 0x0000000088c00000|100%| O|  |TAMS 0x0000000088c00000, 0x0000000088b00000| Untracked 
| 140|0x0000000088c00000, 0x0000000088d00000, 0x0000000088d00000|100%| O|  |TAMS 0x0000000088d00000, 0x0000000088c00000| Untracked 
| 141|0x0000000088d00000, 0x0000000088e00000, 0x0000000088e00000|100%| O|  |TAMS 0x0000000088e00000, 0x0000000088d00000| Untracked 
| 142|0x0000000088e00000, 0x0000000088f00000, 0x0000000088f00000|100%| O|  |TAMS 0x0000000088f00000, 0x0000000088e00000| Untracked 
| 143|0x0000000088f00000, 0x0000000089000000, 0x0000000089000000|100%| O|  |TAMS 0x0000000089000000, 0x0000000088f00000| Untracked 
| 144|0x0000000089000000, 0x0000000089100000, 0x0000000089100000|100%| O|  |TAMS 0x0000000089100000, 0x0000000089000000| Untracked 
| 145|0x0000000089100000, 0x0000000089200000, 0x0000000089200000|100%| O|  |TAMS 0x0000000089200000, 0x0000000089100000| Untracked 
| 146|0x0000000089200000, 0x0000000089300000, 0x0000000089300000|100%| O|  |TAMS 0x0000000089300000, 0x0000000089200000| Complete 
| 147|0x0000000089300000, 0x0000000089400000, 0x0000000089400000|100%| O|  |TAMS 0x0000000089400000, 0x0000000089300000| Untracked 
| 148|0x0000000089400000, 0x0000000089500000, 0x0000000089500000|100%| O|  |TAMS 0x0000000089500000, 0x0000000089400000| Untracked 
| 149|0x0000000089500000, 0x0000000089600000, 0x0000000089600000|100%| O|  |TAMS 0x0000000089600000, 0x0000000089500000| Untracked 
| 150|0x0000000089600000, 0x0000000089700000, 0x0000000089700000|100%| O|  |TAMS 0x0000000089700000, 0x0000000089600000| Untracked 
| 151|0x0000000089700000, 0x0000000089800000, 0x0000000089800000|100%| O|  |TAMS 0x0000000089800000, 0x0000000089700000| Untracked 
| 152|0x0000000089800000, 0x0000000089900000, 0x0000000089900000|100%| O|  |TAMS 0x0000000089900000, 0x0000000089800000| Untracked 
| 153|0x0000000089900000, 0x0000000089a00000, 0x0000000089a00000|100%| O|  |TAMS 0x0000000089a00000, 0x0000000089900000| Untracked 
| 154|0x0000000089a00000, 0x0000000089b00000, 0x0000000089b00000|100%| O|  |TAMS 0x0000000089b00000, 0x0000000089a00000| Untracked 
| 155|0x0000000089b00000, 0x0000000089c00000, 0x0000000089c00000|100%| O|  |TAMS 0x0000000089c00000, 0x0000000089b00000| Untracked 
| 156|0x0000000089c00000, 0x0000000089d00000, 0x0000000089d00000|100%| O|  |TAMS 0x0000000089d00000, 0x0000000089c00000| Untracked 
| 157|0x0000000089d00000, 0x0000000089e00000, 0x0000000089e00000|100%| O|  |TAMS 0x0000000089e00000, 0x0000000089d00000| Complete 
| 158|0x0000000089e00000, 0x0000000089f00000, 0x0000000089f00000|100%| O|  |TAMS 0x0000000089f00000, 0x0000000089e00000| Untracked 
| 159|0x0000000089f00000, 0x000000008a000000, 0x000000008a000000|100%| O|  |TAMS 0x000000008a000000, 0x0000000089f00000| Complete 
| 160|0x000000008a000000, 0x000000008a100000, 0x000000008a100000|100%| O|  |TAMS 0x000000008a100000, 0x000000008a000000| Untracked 
| 161|0x000000008a100000, 0x000000008a200000, 0x000000008a200000|100%| O|  |TAMS 0x000000008a200000, 0x000000008a100000| Untracked 
| 162|0x000000008a200000, 0x000000008a300000, 0x000000008a300000|100%| O|  |TAMS 0x000000008a300000, 0x000000008a200000| Untracked 
| 163|0x000000008a300000, 0x000000008a400000, 0x000000008a400000|100%| O|  |TAMS 0x000000008a400000, 0x000000008a300000| Untracked 
| 164|0x000000008a400000, 0x000000008a500000, 0x000000008a500000|100%| O|  |TAMS 0x000000008a500000, 0x000000008a400000| Untracked 
| 165|0x000000008a500000, 0x000000008a600000, 0x000000008a600000|100%| O|  |TAMS 0x000000008a600000, 0x000000008a500000| Untracked 
| 166|0x000000008a600000, 0x000000008a700000, 0x000000008a700000|100%| O|  |TAMS 0x000000008a700000, 0x000000008a600000| Untracked 
| 167|0x000000008a700000, 0x000000008a800000, 0x000000008a800000|100%| O|  |TAMS 0x000000008a800000, 0x000000008a700000| Untracked 
| 168|0x000000008a800000, 0x000000008a900000, 0x000000008a900000|100%| O|  |TAMS 0x000000008a900000, 0x000000008a800000| Untracked 
| 169|0x000000008a900000, 0x000000008aa00000, 0x000000008aa00000|100%| O|  |TAMS 0x000000008aa00000, 0x000000008a900000| Untracked 
| 170|0x000000008aa00000, 0x000000008ab00000, 0x000000008ab00000|100%| O|  |TAMS 0x000000008ab00000, 0x000000008aa00000| Complete 
| 171|0x000000008ab00000, 0x000000008ac00000, 0x000000008ac00000|100%| O|  |TAMS 0x000000008ab80000, 0x000000008ab00000| Complete 
| 172|0x000000008ac00000, 0x000000008ad00000, 0x000000008ad00000|100%| O|  |TAMS 0x000000008ac00000, 0x000000008ac00000| Untracked 
| 173|0x000000008ad00000, 0x000000008ae00000, 0x000000008ae00000|100%| O|  |TAMS 0x000000008ad00000, 0x000000008ad00000| Untracked 
| 174|0x000000008ae00000, 0x000000008af00000, 0x000000008af00000|100%| O|  |TAMS 0x000000008ae00000, 0x000000008ae00000| Untracked 
| 175|0x000000008af00000, 0x000000008b000000, 0x000000008b000000|100%| O|  |TAMS 0x000000008af00000, 0x000000008af00000| Untracked 
| 176|0x000000008b000000, 0x000000008b100000, 0x000000008b100000|100%| O|  |TAMS 0x000000008b000000, 0x000000008b000000| Untracked 
| 177|0x000000008b100000, 0x000000008b200000, 0x000000008b200000|100%| O|  |TAMS 0x000000008b100000, 0x000000008b100000| Untracked 
| 178|0x000000008b200000, 0x000000008b300000, 0x000000008b300000|100%| O|  |TAMS 0x000000008b200000, 0x000000008b200000| Untracked 
| 179|0x000000008b300000, 0x000000008b400000, 0x000000008b400000|100%| O|  |TAMS 0x000000008b300000, 0x000000008b300000| Untracked 
| 180|0x000000008b400000, 0x000000008b500000, 0x000000008b500000|100%| O|  |TAMS 0x000000008b400000, 0x000000008b400000| Untracked 
| 181|0x000000008b500000, 0x000000008b600000, 0x000000008b600000|100%| O|  |TAMS 0x000000008b500000, 0x000000008b500000| Untracked 
| 182|0x000000008b600000, 0x000000008b700000, 0x000000008b700000|100%| O|  |TAMS 0x000000008b600000, 0x000000008b600000| Untracked 
| 183|0x000000008b700000, 0x000000008b800000, 0x000000008b800000|100%| O|  |TAMS 0x000000008b700000, 0x000000008b700000| Untracked 
| 184|0x000000008b800000, 0x000000008b900000, 0x000000008b900000|100%| O|  |TAMS 0x000000008b800000, 0x000000008b800000| Untracked 
| 185|0x000000008b900000, 0x000000008b97da00, 0x000000008ba00000| 49%| O|  |TAMS 0x000000008b900000, 0x000000008b900000| Untracked 
| 186|0x000000008ba00000, 0x000000008ba00000, 0x000000008bb00000|  0%| F|  |TAMS 0x000000008ba00000, 0x000000008ba00000| Untracked 
| 187|0x000000008bb00000, 0x000000008bb00000, 0x000000008bc00000|  0%| F|  |TAMS 0x000000008bb00000, 0x000000008bb00000| Untracked 
| 188|0x000000008bc00000, 0x000000008bc00000, 0x000000008bd00000|  0%| F|  |TAMS 0x000000008bc00000, 0x000000008bc00000| Untracked 
| 189|0x000000008bd00000, 0x000000008bd00000, 0x000000008be00000|  0%| F|  |TAMS 0x000000008bd00000, 0x000000008bd00000| Untracked 
| 190|0x000000008be00000, 0x000000008be00000, 0x000000008bf00000|  0%| F|  |TAMS 0x000000008be00000, 0x000000008be00000| Untracked 
| 191|0x000000008bf00000, 0x000000008bf00000, 0x000000008c000000|  0%| F|  |TAMS 0x000000008bf00000, 0x000000008bf00000| Untracked 
| 192|0x000000008c000000, 0x000000008c000000, 0x000000008c100000|  0%| F|  |TAMS 0x000000008c000000, 0x000000008c000000| Untracked 
| 193|0x000000008c100000, 0x000000008c100000, 0x000000008c200000|  0%| F|  |TAMS 0x000000008c100000, 0x000000008c100000| Untracked 
| 194|0x000000008c200000, 0x000000008c200000, 0x000000008c300000|  0%| F|  |TAMS 0x000000008c200000, 0x000000008c200000| Untracked 
| 195|0x000000008c300000, 0x000000008c300000, 0x000000008c400000|  0%| F|  |TAMS 0x000000008c300000, 0x000000008c300000| Untracked 
| 196|0x000000008c400000, 0x000000008c400000, 0x000000008c500000|  0%| F|  |TAMS 0x000000008c400000, 0x000000008c400000| Untracked 
| 197|0x000000008c500000, 0x000000008c500000, 0x000000008c600000|  0%| F|  |TAMS 0x000000008c500000, 0x000000008c500000| Untracked 
| 198|0x000000008c600000, 0x000000008c600000, 0x000000008c700000|  0%| F|  |TAMS 0x000000008c600000, 0x000000008c600000| Untracked 
| 199|0x000000008c700000, 0x000000008c700000, 0x000000008c800000|  0%| F|  |TAMS 0x000000008c700000, 0x000000008c700000| Untracked 
| 200|0x000000008c800000, 0x000000008c800000, 0x000000008c900000|  0%| F|  |TAMS 0x000000008c800000, 0x000000008c800000| Untracked 
| 201|0x000000008c900000, 0x000000008c900000, 0x000000008ca00000|  0%| F|  |TAMS 0x000000008c900000, 0x000000008c900000| Untracked 
| 202|0x000000008ca00000, 0x000000008ca00000, 0x000000008cb00000|  0%| F|  |TAMS 0x000000008ca00000, 0x000000008ca00000| Untracked 
| 203|0x000000008cb00000, 0x000000008cb00000, 0x000000008cc00000|  0%| F|  |TAMS 0x000000008cb00000, 0x000000008cb00000| Untracked 
| 204|0x000000008cc00000, 0x000000008cc00000, 0x000000008cd00000|  0%| F|  |TAMS 0x000000008cc00000, 0x000000008cc00000| Untracked 
| 205|0x000000008cd00000, 0x000000008cd00000, 0x000000008ce00000|  0%| F|  |TAMS 0x000000008cd00000, 0x000000008cd00000| Untracked 
| 206|0x000000008ce00000, 0x000000008ce00000, 0x000000008cf00000|  0%| F|  |TAMS 0x000000008ce00000, 0x000000008ce00000| Untracked 
| 207|0x000000008cf00000, 0x000000008cf00000, 0x000000008d000000|  0%| F|  |TAMS 0x000000008cf00000, 0x000000008cf00000| Untracked 
| 208|0x000000008d000000, 0x000000008d000000, 0x000000008d100000|  0%| F|  |TAMS 0x000000008d000000, 0x000000008d000000| Untracked 
| 209|0x000000008d100000, 0x000000008d100000, 0x000000008d200000|  0%| F|  |TAMS 0x000000008d100000, 0x000000008d100000| Untracked 
| 210|0x000000008d200000, 0x000000008d200000, 0x000000008d300000|  0%| F|  |TAMS 0x000000008d200000, 0x000000008d200000| Untracked 
| 211|0x000000008d300000, 0x000000008d300000, 0x000000008d400000|  0%| F|  |TAMS 0x000000008d300000, 0x000000008d300000| Untracked 
| 212|0x000000008d400000, 0x000000008d400000, 0x000000008d500000|  0%| F|  |TAMS 0x000000008d400000, 0x000000008d400000| Untracked 
| 213|0x000000008d500000, 0x000000008d500000, 0x000000008d600000|  0%| F|  |TAMS 0x000000008d500000, 0x000000008d500000| Untracked 
| 214|0x000000008d600000, 0x000000008d600000, 0x000000008d700000|  0%| F|  |TAMS 0x000000008d600000, 0x000000008d600000| Untracked 
| 215|0x000000008d700000, 0x000000008d700000, 0x000000008d800000|  0%| F|  |TAMS 0x000000008d700000, 0x000000008d700000| Untracked 
| 216|0x000000008d800000, 0x000000008d800000, 0x000000008d900000|  0%| F|  |TAMS 0x000000008d800000, 0x000000008d800000| Untracked 
| 217|0x000000008d900000, 0x000000008d900000, 0x000000008da00000|  0%| F|  |TAMS 0x000000008d900000, 0x000000008d900000| Untracked 
| 218|0x000000008da00000, 0x000000008da00000, 0x000000008db00000|  0%| F|  |TAMS 0x000000008da00000, 0x000000008da00000| Untracked 
| 219|0x000000008db00000, 0x000000008db00000, 0x000000008dc00000|  0%| F|  |TAMS 0x000000008db00000, 0x000000008db00000| Untracked 
| 220|0x000000008dc00000, 0x000000008dc00000, 0x000000008dd00000|  0%| F|  |TAMS 0x000000008dc00000, 0x000000008dc00000| Untracked 
| 221|0x000000008dd00000, 0x000000008dd00000, 0x000000008de00000|  0%| F|  |TAMS 0x000000008dd00000, 0x000000008dd00000| Untracked 
| 222|0x000000008de00000, 0x000000008de00000, 0x000000008df00000|  0%| F|  |TAMS 0x000000008de00000, 0x000000008de00000| Untracked 
| 223|0x000000008df00000, 0x000000008df00000, 0x000000008e000000|  0%| F|  |TAMS 0x000000008df00000, 0x000000008df00000| Untracked 
| 224|0x000000008e000000, 0x000000008e000000, 0x000000008e100000|  0%| F|  |TAMS 0x000000008e000000, 0x000000008e000000| Untracked 
| 225|0x000000008e100000, 0x000000008e100000, 0x000000008e200000|  0%| F|  |TAMS 0x000000008e100000, 0x000000008e100000| Untracked 
| 226|0x000000008e200000, 0x000000008e200000, 0x000000008e300000|  0%| F|  |TAMS 0x000000008e200000, 0x000000008e200000| Untracked 
| 227|0x000000008e300000, 0x000000008e300000, 0x000000008e400000|  0%| F|  |TAMS 0x000000008e300000, 0x000000008e300000| Untracked 
| 228|0x000000008e400000, 0x000000008e400000, 0x000000008e500000|  0%| F|  |TAMS 0x000000008e400000, 0x000000008e400000| Untracked 
| 229|0x000000008e500000, 0x000000008e500000, 0x000000008e600000|  0%| F|  |TAMS 0x000000008e500000, 0x000000008e500000| Untracked 
| 230|0x000000008e600000, 0x000000008e600000, 0x000000008e700000|  0%| F|  |TAMS 0x000000008e600000, 0x000000008e600000| Untracked 
| 231|0x000000008e700000, 0x000000008e700000, 0x000000008e800000|  0%| F|  |TAMS 0x000000008e700000, 0x000000008e700000| Untracked 
| 232|0x000000008e800000, 0x000000008e800000, 0x000000008e900000|  0%| F|  |TAMS 0x000000008e800000, 0x000000008e800000| Untracked 
| 233|0x000000008e900000, 0x000000008e900000, 0x000000008ea00000|  0%| F|  |TAMS 0x000000008e900000, 0x000000008e900000| Untracked 
| 234|0x000000008ea00000, 0x000000008ea00000, 0x000000008eb00000|  0%| F|  |TAMS 0x000000008ea00000, 0x000000008ea00000| Untracked 
| 235|0x000000008eb00000, 0x000000008eb00000, 0x000000008ec00000|  0%| F|  |TAMS 0x000000008eb00000, 0x000000008eb00000| Untracked 
| 236|0x000000008ec00000, 0x000000008ec00000, 0x000000008ed00000|  0%| F|  |TAMS 0x000000008ec00000, 0x000000008ec00000| Untracked 
| 237|0x000000008ed00000, 0x000000008ed00000, 0x000000008ee00000|  0%| F|  |TAMS 0x000000008ed00000, 0x000000008ed00000| Untracked 
| 238|0x000000008ee00000, 0x000000008ee00000, 0x000000008ef00000|  0%| F|  |TAMS 0x000000008ee00000, 0x000000008ee00000| Untracked 
| 239|0x000000008ef00000, 0x000000008ef00000, 0x000000008f000000|  0%| F|  |TAMS 0x000000008ef00000, 0x000000008ef00000| Untracked 
| 240|0x000000008f000000, 0x000000008f000000, 0x000000008f100000|  0%| F|  |TAMS 0x000000008f000000, 0x000000008f000000| Untracked 
| 241|0x000000008f100000, 0x000000008f100000, 0x000000008f200000|  0%| F|  |TAMS 0x000000008f100000, 0x000000008f100000| Untracked 
| 242|0x000000008f200000, 0x000000008f200000, 0x000000008f300000|  0%| F|  |TAMS 0x000000008f200000, 0x000000008f200000| Untracked 
| 243|0x000000008f300000, 0x000000008f300000, 0x000000008f400000|  0%| F|  |TAMS 0x000000008f300000, 0x000000008f300000| Untracked 
| 244|0x000000008f400000, 0x000000008f400000, 0x000000008f500000|  0%| F|  |TAMS 0x000000008f400000, 0x000000008f400000| Untracked 
| 245|0x000000008f500000, 0x000000008f500000, 0x000000008f600000|  0%| F|  |TAMS 0x000000008f500000, 0x000000008f500000| Untracked 
| 246|0x000000008f600000, 0x000000008f600000, 0x000000008f700000|  0%| F|  |TAMS 0x000000008f600000, 0x000000008f600000| Untracked 
| 247|0x000000008f700000, 0x000000008f700000, 0x000000008f800000|  0%| F|  |TAMS 0x000000008f700000, 0x000000008f700000| Untracked 
| 248|0x000000008f800000, 0x000000008f800000, 0x000000008f900000|  0%| F|  |TAMS 0x000000008f800000, 0x000000008f800000| Untracked 
| 249|0x000000008f900000, 0x000000008f900000, 0x000000008fa00000|  0%| F|  |TAMS 0x000000008f900000, 0x000000008f900000| Untracked 
| 250|0x000000008fa00000, 0x000000008fa00000, 0x000000008fb00000|  0%| F|  |TAMS 0x000000008fa00000, 0x000000008fa00000| Untracked 
| 251|0x000000008fb00000, 0x000000008fb00000, 0x000000008fc00000|  0%| F|  |TAMS 0x000000008fb00000, 0x000000008fb00000| Untracked 
| 252|0x000000008fc00000, 0x000000008fc00000, 0x000000008fd00000|  0%| F|  |TAMS 0x000000008fc00000, 0x000000008fc00000| Untracked 
| 253|0x000000008fd00000, 0x000000008fd00000, 0x000000008fe00000|  0%| F|  |TAMS 0x000000008fd00000, 0x000000008fd00000| Untracked 
| 254|0x000000008fe00000, 0x000000008fe00000, 0x000000008ff00000|  0%| F|  |TAMS 0x000000008fe00000, 0x000000008fe00000| Untracked 
| 255|0x000000008ff00000, 0x000000008ff00000, 0x0000000090000000|  0%| F|  |TAMS 0x000000008ff00000, 0x000000008ff00000| Untracked 
| 256|0x0000000090000000, 0x0000000090000000, 0x0000000090100000|  0%| F|  |TAMS 0x0000000090000000, 0x0000000090000000| Untracked 
| 257|0x0000000090100000, 0x0000000090100000, 0x0000000090200000|  0%| F|  |TAMS 0x0000000090100000, 0x0000000090100000| Untracked 
| 258|0x0000000090200000, 0x0000000090200000, 0x0000000090300000|  0%| F|  |TAMS 0x0000000090200000, 0x0000000090200000| Untracked 
| 259|0x0000000090300000, 0x0000000090300000, 0x0000000090400000|  0%| F|  |TAMS 0x0000000090300000, 0x0000000090300000| Untracked 
| 260|0x0000000090400000, 0x0000000090400000, 0x0000000090500000|  0%| F|  |TAMS 0x0000000090400000, 0x0000000090400000| Untracked 
| 261|0x0000000090500000, 0x0000000090500000, 0x0000000090600000|  0%| F|  |TAMS 0x0000000090500000, 0x0000000090500000| Untracked 
| 262|0x0000000090600000, 0x0000000090600000, 0x0000000090700000|  0%| F|  |TAMS 0x0000000090600000, 0x0000000090600000| Untracked 
| 263|0x0000000090700000, 0x0000000090700000, 0x0000000090800000|  0%| F|  |TAMS 0x0000000090700000, 0x0000000090700000| Untracked 
| 264|0x0000000090800000, 0x0000000090800000, 0x0000000090900000|  0%| F|  |TAMS 0x0000000090800000, 0x0000000090800000| Untracked 
| 265|0x0000000090900000, 0x0000000090900000, 0x0000000090a00000|  0%| F|  |TAMS 0x0000000090900000, 0x0000000090900000| Untracked 
| 266|0x0000000090a00000, 0x0000000090a00000, 0x0000000090b00000|  0%| F|  |TAMS 0x0000000090a00000, 0x0000000090a00000| Untracked 
| 267|0x0000000090b00000, 0x0000000090b00000, 0x0000000090c00000|  0%| F|  |TAMS 0x0000000090b00000, 0x0000000090b00000| Untracked 
| 268|0x0000000090c00000, 0x0000000090c00000, 0x0000000090d00000|  0%| F|  |TAMS 0x0000000090c00000, 0x0000000090c00000| Untracked 
| 269|0x0000000090d00000, 0x0000000090d00000, 0x0000000090e00000|  0%| F|  |TAMS 0x0000000090d00000, 0x0000000090d00000| Untracked 
| 270|0x0000000090e00000, 0x0000000090e00000, 0x0000000090f00000|  0%| F|  |TAMS 0x0000000090e00000, 0x0000000090e00000| Untracked 
| 271|0x0000000090f00000, 0x0000000090f00000, 0x0000000091000000|  0%| F|  |TAMS 0x0000000090f00000, 0x0000000090f00000| Untracked 
| 272|0x0000000091000000, 0x0000000091000000, 0x0000000091100000|  0%| F|  |TAMS 0x0000000091000000, 0x0000000091000000| Untracked 
| 273|0x0000000091100000, 0x0000000091100000, 0x0000000091200000|  0%| F|  |TAMS 0x0000000091100000, 0x0000000091100000| Untracked 
| 274|0x0000000091200000, 0x0000000091200000, 0x0000000091300000|  0%| F|  |TAMS 0x0000000091200000, 0x0000000091200000| Untracked 
| 275|0x0000000091300000, 0x0000000091300000, 0x0000000091400000|  0%| F|  |TAMS 0x0000000091300000, 0x0000000091300000| Untracked 
| 276|0x0000000091400000, 0x0000000091400000, 0x0000000091500000|  0%| F|  |TAMS 0x0000000091400000, 0x0000000091400000| Untracked 
| 277|0x0000000091500000, 0x0000000091500000, 0x0000000091600000|  0%| F|  |TAMS 0x0000000091500000, 0x0000000091500000| Untracked 
| 278|0x0000000091600000, 0x0000000091600000, 0x0000000091700000|  0%| F|  |TAMS 0x0000000091600000, 0x0000000091600000| Untracked 
| 279|0x0000000091700000, 0x0000000091700000, 0x0000000091800000|  0%| F|  |TAMS 0x0000000091700000, 0x0000000091700000| Untracked 
| 280|0x0000000091800000, 0x0000000091800000, 0x0000000091900000|  0%| F|  |TAMS 0x0000000091800000, 0x0000000091800000| Untracked 
| 281|0x0000000091900000, 0x0000000091900000, 0x0000000091a00000|  0%| F|  |TAMS 0x0000000091900000, 0x0000000091900000| Untracked 
| 282|0x0000000091a00000, 0x0000000091a00000, 0x0000000091b00000|  0%| F|  |TAMS 0x0000000091a00000, 0x0000000091a00000| Untracked 
| 283|0x0000000091b00000, 0x0000000091b00000, 0x0000000091c00000|  0%| F|  |TAMS 0x0000000091b00000, 0x0000000091b00000| Untracked 
| 284|0x0000000091c00000, 0x0000000091c00000, 0x0000000091d00000|  0%| F|  |TAMS 0x0000000091c00000, 0x0000000091c00000| Untracked 
| 285|0x0000000091d00000, 0x0000000091d00000, 0x0000000091e00000|  0%| F|  |TAMS 0x0000000091d00000, 0x0000000091d00000| Untracked 
| 286|0x0000000091e00000, 0x0000000091e00000, 0x0000000091f00000|  0%| F|  |TAMS 0x0000000091e00000, 0x0000000091e00000| Untracked 
| 287|0x0000000091f00000, 0x0000000091f00000, 0x0000000092000000|  0%| F|  |TAMS 0x0000000091f00000, 0x0000000091f00000| Untracked 
| 288|0x0000000092000000, 0x0000000092000000, 0x0000000092100000|  0%| F|  |TAMS 0x0000000092000000, 0x0000000092000000| Untracked 
| 289|0x0000000092100000, 0x0000000092100000, 0x0000000092200000|  0%| F|  |TAMS 0x0000000092100000, 0x0000000092100000| Untracked 
| 290|0x0000000092200000, 0x0000000092200000, 0x0000000092300000|  0%| F|  |TAMS 0x0000000092200000, 0x0000000092200000| Untracked 
| 291|0x0000000092300000, 0x0000000092300000, 0x0000000092400000|  0%| F|  |TAMS 0x0000000092300000, 0x0000000092300000| Untracked 
| 292|0x0000000092400000, 0x0000000092400000, 0x0000000092500000|  0%| F|  |TAMS 0x0000000092400000, 0x0000000092400000| Untracked 
| 293|0x0000000092500000, 0x0000000092500000, 0x0000000092600000|  0%| F|  |TAMS 0x0000000092500000, 0x0000000092500000| Untracked 
| 294|0x0000000092600000, 0x0000000092600000, 0x0000000092700000|  0%| F|  |TAMS 0x0000000092600000, 0x0000000092600000| Untracked 
| 295|0x0000000092700000, 0x0000000092700000, 0x0000000092800000|  0%| F|  |TAMS 0x0000000092700000, 0x0000000092700000| Untracked 
| 296|0x0000000092800000, 0x0000000092800000, 0x0000000092900000|  0%| F|  |TAMS 0x0000000092800000, 0x0000000092800000| Untracked 
| 297|0x0000000092900000, 0x0000000092900000, 0x0000000092a00000|  0%| F|  |TAMS 0x0000000092900000, 0x0000000092900000| Untracked 
| 298|0x0000000092a00000, 0x0000000092a00000, 0x0000000092b00000|  0%| F|  |TAMS 0x0000000092a00000, 0x0000000092a00000| Untracked 
| 299|0x0000000092b00000, 0x0000000092b00000, 0x0000000092c00000|  0%| F|  |TAMS 0x0000000092b00000, 0x0000000092b00000| Untracked 
| 300|0x0000000092c00000, 0x0000000092c00000, 0x0000000092d00000|  0%| F|  |TAMS 0x0000000092c00000, 0x0000000092c00000| Untracked 
| 301|0x0000000092d00000, 0x0000000092d00000, 0x0000000092e00000|  0%| F|  |TAMS 0x0000000092d00000, 0x0000000092d00000| Untracked 
| 302|0x0000000092e00000, 0x0000000092e00000, 0x0000000092f00000|  0%| F|  |TAMS 0x0000000092e00000, 0x0000000092e00000| Untracked 
| 303|0x0000000092f00000, 0x0000000092f00000, 0x0000000093000000|  0%| F|  |TAMS 0x0000000092f00000, 0x0000000092f00000| Untracked 
| 304|0x0000000093000000, 0x0000000093000000, 0x0000000093100000|  0%| F|  |TAMS 0x0000000093000000, 0x0000000093000000| Untracked 
| 305|0x0000000093100000, 0x0000000093100000, 0x0000000093200000|  0%| F|  |TAMS 0x0000000093100000, 0x0000000093100000| Untracked 
| 306|0x0000000093200000, 0x0000000093200000, 0x0000000093300000|  0%| F|  |TAMS 0x0000000093200000, 0x0000000093200000| Untracked 
| 307|0x0000000093300000, 0x0000000093300000, 0x0000000093400000|  0%| F|  |TAMS 0x0000000093300000, 0x0000000093300000| Untracked 
| 308|0x0000000093400000, 0x0000000093400000, 0x0000000093500000|  0%| F|  |TAMS 0x0000000093400000, 0x0000000093400000| Untracked 
| 309|0x0000000093500000, 0x0000000093500000, 0x0000000093600000|  0%| F|  |TAMS 0x0000000093500000, 0x0000000093500000| Untracked 
| 310|0x0000000093600000, 0x0000000093600000, 0x0000000093700000|  0%| F|  |TAMS 0x0000000093600000, 0x0000000093600000| Untracked 
| 311|0x0000000093700000, 0x0000000093700000, 0x0000000093800000|  0%| F|  |TAMS 0x0000000093700000, 0x0000000093700000| Untracked 
| 312|0x0000000093800000, 0x0000000093800000, 0x0000000093900000|  0%| F|  |TAMS 0x0000000093800000, 0x0000000093800000| Untracked 
| 313|0x0000000093900000, 0x0000000093900000, 0x0000000093a00000|  0%| F|  |TAMS 0x0000000093900000, 0x0000000093900000| Untracked 
| 314|0x0000000093a00000, 0x0000000093a00000, 0x0000000093b00000|  0%| F|  |TAMS 0x0000000093a00000, 0x0000000093a00000| Untracked 
| 315|0x0000000093b00000, 0x0000000093b00000, 0x0000000093c00000|  0%| F|  |TAMS 0x0000000093b00000, 0x0000000093b00000| Untracked 
| 316|0x0000000093c00000, 0x0000000093c00000, 0x0000000093d00000|  0%| F|  |TAMS 0x0000000093c00000, 0x0000000093c00000| Untracked 
| 317|0x0000000093d00000, 0x0000000093d00000, 0x0000000093e00000|  0%| F|  |TAMS 0x0000000093d00000, 0x0000000093d00000| Untracked 
| 318|0x0000000093e00000, 0x0000000093e00000, 0x0000000093f00000|  0%| F|  |TAMS 0x0000000093e00000, 0x0000000093e00000| Untracked 
| 319|0x0000000093f00000, 0x0000000093f00000, 0x0000000094000000|  0%| F|  |TAMS 0x0000000093f00000, 0x0000000093f00000| Untracked 
| 320|0x0000000094000000, 0x0000000094100000, 0x0000000094100000|100%| S|CS|TAMS 0x0000000094000000, 0x0000000094000000| Complete 
| 321|0x0000000094100000, 0x0000000094200000, 0x0000000094200000|100%| S|CS|TAMS 0x0000000094100000, 0x0000000094100000| Complete 
| 322|0x0000000094200000, 0x0000000094200000, 0x0000000094300000|  0%| F|  |TAMS 0x0000000094200000, 0x0000000094200000| Untracked 
| 323|0x0000000094300000, 0x0000000094300000, 0x0000000094400000|  0%| F|  |TAMS 0x0000000094300000, 0x0000000094300000| Untracked 
| 324|0x0000000094400000, 0x0000000094400000, 0x0000000094500000|  0%| F|  |TAMS 0x0000000094400000, 0x0000000094400000| Untracked 
| 325|0x0000000094500000, 0x0000000094500000, 0x0000000094600000|  0%| F|  |TAMS 0x0000000094500000, 0x0000000094500000| Untracked 
| 326|0x0000000094600000, 0x0000000094600000, 0x0000000094700000|  0%| F|  |TAMS 0x0000000094600000, 0x0000000094600000| Untracked 
| 327|0x0000000094700000, 0x0000000094700000, 0x0000000094800000|  0%| F|  |TAMS 0x0000000094700000, 0x0000000094700000| Untracked 
| 328|0x0000000094800000, 0x0000000094800000, 0x0000000094900000|  0%| F|  |TAMS 0x0000000094800000, 0x0000000094800000| Untracked 
| 329|0x0000000094900000, 0x0000000094900000, 0x0000000094a00000|  0%| F|  |TAMS 0x0000000094900000, 0x0000000094900000| Untracked 
| 330|0x0000000094a00000, 0x0000000094a00000, 0x0000000094b00000|  0%| F|  |TAMS 0x0000000094a00000, 0x0000000094a00000| Untracked 
| 331|0x0000000094b00000, 0x0000000094b00000, 0x0000000094c00000|  0%| F|  |TAMS 0x0000000094b00000, 0x0000000094b00000| Untracked 
| 332|0x0000000094c00000, 0x0000000094c00000, 0x0000000094d00000|  0%| F|  |TAMS 0x0000000094c00000, 0x0000000094c00000| Untracked 
| 333|0x0000000094d00000, 0x0000000094d00000, 0x0000000094e00000|  0%| F|  |TAMS 0x0000000094d00000, 0x0000000094d00000| Untracked 
| 334|0x0000000094e00000, 0x0000000094e00000, 0x0000000094f00000|  0%| F|  |TAMS 0x0000000094e00000, 0x0000000094e00000| Untracked 
| 335|0x0000000094f00000, 0x0000000094f00000, 0x0000000095000000|  0%| F|  |TAMS 0x0000000094f00000, 0x0000000094f00000| Untracked 
| 336|0x0000000095000000, 0x0000000095000000, 0x0000000095100000|  0%| F|  |TAMS 0x0000000095000000, 0x0000000095000000| Untracked 
| 337|0x0000000095100000, 0x0000000095100000, 0x0000000095200000|  0%| F|  |TAMS 0x0000000095100000, 0x0000000095100000| Untracked 

Card table byte_map: [0x0000000015d40000,0x0000000016140000] _byte_map_base: 0x0000000015940000

Marking Bits (Prev, Next): (CMBitMap*) 0x00000000004cca68, (CMBitMap*) 0x00000000004ccaa0
 Prev Bits: [0x0000000016540000, 0x0000000018540000)
 Next Bits: [0x0000000018540000, 0x000000001a540000)

Polling page: 0x0000000000130000

Metaspace:

Usage:
  Non-class:    124.95 MB capacity,   122.97 MB ( 98%) used,     1.56 MB (  1%) free+waste,   427.00 KB ( <1%) overhead. 
      Class:     18.23 MB capacity,    16.96 MB ( 93%) used,     1.08 MB (  6%) free+waste,   187.69 KB (  1%) overhead. 
       Both:    143.17 MB capacity,   139.93 MB ( 98%) used,     2.64 MB (  2%) free+waste,   614.69 KB ( <1%) overhead. 

Virtual space:
  Non-class space:      126.00 MB reserved,     125.33 MB (>99%) committed 
      Class space:        1.00 GB reserved,      18.38 MB (  2%) committed 
             Both:        1.12 GB reserved,     143.70 MB ( 12%) committed 

Chunk freelists:
   Non-Class:  197.00 KB
       Class:  56.00 KB
        Both:  253.00 KB

MaxMetaspaceSize: 17179869184.00 GB
CompressedClassSpaceSize: 1.00 GB
Initial GC threshold: 20.80 MB
Current GC threshold: 238.46 MB
CDS: off

CodeHeap 'non-profiled nmethods': size=120064Kb used=13368Kb max_used=13941Kb free=106695Kb
 bounds [0x000000000dd70000, 0x000000000eb10000, 0x00000000152b0000]
CodeHeap 'profiled nmethods': size=120000Kb used=42783Kb max_used=45092Kb free=77216Kb
 bounds [0x0000000006840000, 0x0000000009450000, 0x000000000dd70000]
CodeHeap 'non-nmethods': size=5696Kb used=2481Kb max_used=2521Kb free=3214Kb
 bounds [0x00000000062b0000, 0x0000000006530000, 0x0000000006840000]
 total_blobs=19914 nmethods=18888 adapters=937
 compilation: enabled
              stopped_count=0, restarted_count=0
 full_count=0

Compilation events (20 events):
Event: 3665.962 Thread 0x000000005d93d800 21110       3       com.google.gson.stream.JsonReader::push (76 bytes)
Event: 3665.964 Thread 0x000000005d93d800 nmethod 21110 0x0000000006a37510 code [0x0000000006a37740, 0x0000000006a38068]
Event: 3666.046 Thread 0x000000005d93d800 21111       3       kotlin.internal.ProgressionUtilKt::mod (16 bytes)
Event: 3666.046 Thread 0x000000005d93d800 nmethod 21111 0x00000000068c2510 code [0x00000000068c26c0, 0x00000000068c2818]
Event: 3666.047 Thread 0x000000005d93d800 21112       1       kotlin.Pair::component1 (5 bytes)
Event: 3666.047 Thread 0x000000005d93d800 nmethod 21112 0x000000000e292a90 code [0x000000000e292c40, 0x000000000e292cf8]
Event: 3666.047 Thread 0x000000005d93d800 21113       1       kotlin.Pair::component2 (5 bytes)
Event: 3666.047 Thread 0x000000005d93d800 nmethod 21113 0x000000000dfb9c10 code [0x000000000dfb9dc0, 0x000000000dfb9e78]
Event: 3666.047 Thread 0x000000005d93d800 21114       3       kotlin.sequences.TransformingSequence$iterator$1::hasNext (10 bytes)
Event: 3666.048 Thread 0x000000005d93d800 nmethod 21114 0x0000000006b97c10 code [0x0000000006b97dc0, 0x0000000006b97f88]
Event: 3666.048 Thread 0x000000005d93d800 21115       1       kotlin.text.DelimitedRangesSequence::access$getLimit$p (5 bytes)
Event: 3666.048 Thread 0x000000005d93d800 nmethod 21115 0x000000000e03a210 code [0x000000000e03a3c0, 0x000000000e03a458]
Event: 3666.048 Thread 0x000000005d93d800 21116       1       kotlin.text.DelimitedRangesSequence::access$getGetNextMatch$p (5 bytes)
Event: 3666.048 Thread 0x000000005d93d800 nmethod 21116 0x000000000e00da90 code [0x000000000e00dc40, 0x000000000e00dcd8]
Event: 3666.048 Thread 0x000000005d93d800 21117       3       kotlin.sequences.TransformingSequence$iterator$1::next (22 bytes)
Event: 3666.049 Thread 0x000000005d93d800 nmethod 21117 0x00000000068de490 code [0x00000000068de660, 0x00000000068de8f8]
Event: 3666.049 Thread 0x000000005d93d800 21118       1       kotlin.ranges.IntProgression::getFirst (5 bytes)
Event: 3666.049 Thread 0x000000005d93d800 nmethod 21118 0x000000000e00d790 code [0x000000000e00d940, 0x000000000e00d9f8]
Event: 3666.049 Thread 0x000000005d93d800 21119       1       kotlin.ranges.IntProgression::getLast (5 bytes)
Event: 3666.049 Thread 0x000000005d93d800 nmethod 21119 0x000000000e063a10 code [0x000000000e063bc0, 0x000000000e063c78]

GC Heap History (20 events):
Event: 3602.159 GC heap after
{Heap after GC invocations=150 (full 0):
 garbage-first heap   total 346112K, used 117550K [0x0000000080000000, 0x0000000100000000)
  region size 1024K, 4 young (4096K), 4 survivors (4096K)
 Metaspace       used 130079K, capacity 133239K, committed 134096K, reserved 1165312K
  class space    used 16071K, capacity 17288K, committed 17536K, reserved 1048576K
}
Event: 3611.449 GC heap before
{Heap before GC invocations=150 (full 0):
 garbage-first heap   total 346112K, used 155438K [0x0000000080000000, 0x0000000100000000)
  region size 1024K, 36 young (36864K), 4 survivors (4096K)
 Metaspace       used 134680K, capacity 137837K, committed 138576K, reserved 1169408K
  class space    used 16556K, capacity 17773K, committed 17920K, reserved 1048576K
}
Event: 3611.555 GC heap after
{Heap after GC invocations=151 (full 0):
 garbage-first heap   total 346112K, used 120413K [0x0000000080000000, 0x0000000100000000)
  region size 1024K, 3 young (3072K), 3 survivors (3072K)
 Metaspace       used 134680K, capacity 137837K, committed 138576K, reserved 1169408K
  class space    used 16556K, capacity 17773K, committed 17920K, reserved 1048576K
}
Event: 3623.156 GC heap before
{Heap before GC invocations=151 (full 0):
 garbage-first heap   total 346112K, used 160349K [0x0000000080000000, 0x0000000100000000)
  region size 1024K, 39 young (39936K), 3 survivors (3072K)
 Metaspace       used 138064K, capacity 141340K, committed 141776K, reserved 1173504K
  class space    used 16912K, capacity 18172K, committed 18304K, reserved 1048576K
}
Event: 3624.276 GC heap after
{Heap after GC invocations=152 (full 0):
 garbage-first heap   total 346112K, used 129141K [0x0000000080000000, 0x0000000100000000)
  region size 1024K, 5 young (5120K), 5 survivors (5120K)
 Metaspace       used 138064K, capacity 141340K, committed 141776K, reserved 1173504K
  class space    used 16912K, capacity 18172K, committed 18304K, reserved 1048576K
}
Event: 3625.425 GC heap before
{Heap before GC invocations=152 (full 0):
 garbage-first heap   total 346112K, used 140405K [0x0000000080000000, 0x0000000100000000)
  region size 1024K, 16 young (16384K), 5 survivors (5120K)
 Metaspace       used 138457K, capacity 141731K, committed 142288K, reserved 1173504K
  class space    used 16945K, capacity 18194K, committed 18304K, reserved 1048576K
}
Event: 3625.621 GC heap after
{Heap after GC invocations=153 (full 0):
 garbage-first heap   total 346112K, used 132084K [0x0000000080000000, 0x0000000100000000)
  region size 1024K, 2 young (2048K), 2 survivors (2048K)
 Metaspace       used 138457K, capacity 141731K, committed 142288K, reserved 1173504K
  class space    used 16945K, capacity 18194K, committed 18304K, reserved 1048576K
}
Event: 3627.064 GC heap before
{Heap before GC invocations=153 (full 0):
 garbage-first heap   total 346112K, used 147444K [0x0000000080000000, 0x0000000100000000)
  region size 1024K, 16 young (16384K), 2 survivors (2048K)
 Metaspace       used 139050K, capacity 142397K, committed 142928K, reserved 1173504K
  class space    used 16989K, capacity 18263K, committed 18432K, reserved 1048576K
}
Event: 3627.109 GC heap after
{Heap after GC invocations=154 (full 0):
 garbage-first heap   total 346112K, used 135476K [0x0000000080000000, 0x0000000100000000)
  region size 1024K, 2 young (2048K), 2 survivors (2048K)
 Metaspace       used 139050K, capacity 142397K, committed 142928K, reserved 1173504K
  class space    used 16989K, capacity 18263K, committed 18432K, reserved 1048576K
}
Event: 3629.424 GC heap before
{Heap before GC invocations=154 (full 0):
 garbage-first heap   total 346112K, used 149812K [0x0000000080000000, 0x0000000100000000)
  region size 1024K, 16 young (16384K), 2 survivors (2048K)
 Metaspace       used 142084K, capacity 145465K, committed 145872K, reserved 1177600K
  class space    used 17219K, capacity 18496K, committed 18560K, reserved 1048576K
}
Event: 3629.823 GC heap after
{Heap after GC invocations=155 (full 0):
 garbage-first heap   total 346112K, used 138089K [0x0000000080000000, 0x0000000100000000)
  region size 1024K, 2 young (2048K), 2 survivors (2048K)
 Metaspace       used 142084K, capacity 145465K, committed 145872K, reserved 1177600K
  class space    used 17219K, capacity 18496K, committed 18560K, reserved 1048576K
}
Event: 3630.241 GC heap before
{Heap before GC invocations=155 (full 0):
 garbage-first heap   total 346112K, used 152425K [0x0000000080000000, 0x0000000100000000)
  region size 1024K, 16 young (16384K), 2 survivors (2048K)
 Metaspace       used 142084K, capacity 145465K, committed 145872K, reserved 1177600K
  class space    used 17219K, capacity 18496K, committed 18560K, reserved 1048576K
}
Event: 3633.000 GC heap after
{Heap after GC invocations=156 (full 0):
 garbage-first heap   total 346112K, used 152691K [0x0000000080000000, 0x0000000100000000)
  region size 1024K, 2 young (2048K), 2 survivors (2048K)
 Metaspace       used 142084K, capacity 145465K, committed 145872K, reserved 1177600K
  class space    used 17219K, capacity 18496K, committed 18560K, reserved 1048576K
}
Event: 3633.342 GC heap before
{Heap before GC invocations=156 (full 0):
 garbage-first heap   total 346112K, used 166003K [0x0000000080000000, 0x0000000100000000)
  region size 1024K, 16 young (16384K), 2 survivors (2048K)
 Metaspace       used 142107K, capacity 145465K, committed 145872K, reserved 1177600K
  class space    used 17221K, capacity 18496K, committed 18560K, reserved 1048576K
}
Event: 3644.266 GC heap after
{Heap after GC invocations=157 (full 0):
 garbage-first heap   total 346112K, used 165888K [0x0000000080000000, 0x0000000100000000)
  region size 1024K, 2 young (2048K), 2 survivors (2048K)
 Metaspace       used 142107K, capacity 145465K, committed 145872K, reserved 1177600K
  class space    used 17221K, capacity 18496K, committed 18560K, reserved 1048576K
}
Event: 3644.402 GC heap before
{Heap before GC invocations=157 (full 0):
 garbage-first heap   total 346112K, used 180224K [0x0000000080000000, 0x0000000100000000)
  region size 1024K, 16 young (16384K), 2 survivors (2048K)
 Metaspace       used 142109K, capacity 145465K, committed 145872K, reserved 1177600K
  class space    used 17221K, capacity 18496K, committed 18560K, reserved 1048576K
}
Event: 3651.764 GC heap after
{Heap after GC invocations=158 (full 0):
 garbage-first heap   total 346112K, used 177664K [0x0000000080000000, 0x0000000100000000)
  region size 1024K, 2 young (2048K), 2 survivors (2048K)
 Metaspace       used 142109K, capacity 145465K, committed 145872K, reserved 1177600K
  class space    used 17221K, capacity 18496K, committed 18560K, reserved 1048576K
}
Event: 3652.316 GC heap before
{Heap before GC invocations=158 (full 0):
 garbage-first heap   total 346112K, used 192000K [0x0000000080000000, 0x0000000100000000)
  region size 1024K, 16 young (16384K), 2 survivors (2048K)
 Metaspace       used 142109K, capacity 145465K, committed 145872K, reserved 1177600K
  class space    used 17221K, capacity 18496K, committed 18560K, reserved 1048576K
}
Event: 3662.982 GC heap after
{Heap after GC invocations=159 (full 0):
 garbage-first heap   total 346112K, used 188416K [0x0000000080000000, 0x0000000100000000)
  region size 1024K, 2 young (2048K), 2 survivors (2048K)
 Metaspace       used 142109K, capacity 145465K, committed 145872K, reserved 1177600K
  class space    used 17221K, capacity 18496K, committed 18560K, reserved 1048576K
}
Event: 3666.753 GC heap before
{Heap before GC invocations=160 (full 0):
 garbage-first heap   total 346112K, used 202752K [0x0000000080000000, 0x0000000100000000)
  region size 1024K, 16 young (16384K), 2 survivors (2048K)
 Metaspace       used 143291K, capacity 146611K, committed 147152K, reserved 1177600K
  class space    used 17365K, capacity 18664K, committed 18816K, reserved 1048576K
}

Deoptimization events (20 events):
Event: 3664.170 Thread 0x000000005e71e800 Uncommon trap: trap_request=0xffffffde fr.pc=0x000000000dec7c48 relative=0x0000000000000508
Event: 3664.239 Thread 0x000000005e71e800 Uncommon trap: reason=class_check action=maybe_recompile pc=0x000000000dec7c48 method=jdk.internal.ref.PhantomCleanable.clean()V @ 12 c2
Event: 3664.239 Thread 0x000000005e71e800 DEOPT PACKING pc=0x000000000dec7c48 sp=0x000000005ec6f3f0
Event: 3664.240 Thread 0x000000005e71e800 DEOPT UNPACKING pc=0x00000000062fa1af sp=0x000000005ec6f3d0 mode 2
Event: 3665.695 Thread 0x000000006c9f1000 Uncommon trap: trap_request=0xffffffde fr.pc=0x000000000eb00d00 relative=0x0000000000000160
Event: 3665.696 Thread 0x000000006c9f1000 Uncommon trap: reason=class_check action=maybe_recompile pc=0x000000000eb00d00 method=kotlin.jvm.internal.Intrinsics.areEqual(Ljava/lang/Object;Ljava/lang/Object;)Z @ 18 c2
Event: 3665.696 Thread 0x000000006c9f1000 DEOPT PACKING pc=0x000000000eb00d00 sp=0x00000000719abbc0
Event: 3665.696 Thread 0x000000006c9f1000 DEOPT UNPACKING pc=0x00000000062fa1af sp=0x00000000719abb58 mode 2
Event: 3665.696 Thread 0x000000006c9f1000 Uncommon trap: trap_request=0xffffffde fr.pc=0x000000000eb00d00 relative=0x0000000000000160
Event: 3665.696 Thread 0x000000006c9f1000 Uncommon trap: reason=class_check action=maybe_recompile pc=0x000000000eb00d00 method=kotlin.jvm.internal.Intrinsics.areEqual(Ljava/lang/Object;Ljava/lang/Object;)Z @ 18 c2
Event: 3665.696 Thread 0x000000006c9f1000 DEOPT PACKING pc=0x000000000eb00d00 sp=0x00000000719abbb0
Event: 3665.696 Thread 0x000000006c9f1000 DEOPT UNPACKING pc=0x00000000062fa1af sp=0x00000000719abb48 mode 2
Event: 3665.696 Thread 0x000000006c9f1000 Uncommon trap: trap_request=0xffffffde fr.pc=0x000000000eb00d00 relative=0x0000000000000160
Event: 3665.696 Thread 0x000000006c9f1000 Uncommon trap: reason=class_check action=maybe_recompile pc=0x000000000eb00d00 method=kotlin.jvm.internal.Intrinsics.areEqual(Ljava/lang/Object;Ljava/lang/Object;)Z @ 18 c2
Event: 3665.696 Thread 0x000000006c9f1000 DEOPT PACKING pc=0x000000000eb00d00 sp=0x00000000719abbc0
Event: 3665.696 Thread 0x000000006c9f1000 DEOPT UNPACKING pc=0x00000000062fa1af sp=0x00000000719abb58 mode 2
Event: 3665.696 Thread 0x000000006c9f1000 Uncommon trap: trap_request=0xffffffde fr.pc=0x000000000eb00d00 relative=0x0000000000000160
Event: 3665.696 Thread 0x000000006c9f1000 Uncommon trap: reason=class_check action=maybe_recompile pc=0x000000000eb00d00 method=kotlin.jvm.internal.Intrinsics.areEqual(Ljava/lang/Object;Ljava/lang/Object;)Z @ 18 c2
Event: 3665.696 Thread 0x000000006c9f1000 DEOPT PACKING pc=0x000000000eb00d00 sp=0x00000000719abbb0
Event: 3665.696 Thread 0x000000006c9f1000 DEOPT UNPACKING pc=0x00000000062fa1af sp=0x00000000719abb48 mode 2

Classes redefined (0 events):
No events

Internal exceptions (20 events):
Event: 3246.825 Thread 0x000000006771c000 Exception <a 'java/lang/NoSuchMethodError'{0x0000000094a773a0}: <clinit>> (0x0000000094a773a0) thrown at [./src/hotspot/share/prims/jni.cpp, line 1366]
Event: 3247.252 Thread 0x000000006771c000 Exception <a 'java/lang/NoSuchMethodError'{0x0000000094a88790}: <clinit>> (0x0000000094a88790) thrown at [./src/hotspot/share/prims/jni.cpp, line 1366]
Event: 3249.048 Thread 0x000000006771c000 Exception <a 'java/lang/NoSuchMethodError'{0x0000000094af7e68}: <clinit>> (0x0000000094af7e68) thrown at [./src/hotspot/share/prims/jni.cpp, line 1366]
Event: 3598.181 Thread 0x0000000067718800 Exception <a 'java/lang/NoSuchMethodError'{0x0000000093f160d8}: <clinit>> (0x0000000093f160d8) thrown at [./src/hotspot/share/prims/jni.cpp, line 1366]
Event: 3602.954 Thread 0x0000000067718800 Exception <a 'java/lang/NoSuchMethodError'{0x000000009464d2b8}: <clinit>> (0x000000009464d2b8) thrown at [./src/hotspot/share/prims/jni.cpp, line 1366]
Event: 3612.023 Thread 0x000000006c9f1000 Exception <a 'sun/nio/fs/WindowsException'{0x0000000094c18c80}> (0x0000000094c18c80) thrown at [./src/hotspot/share/prims/jni.cpp, line 616]
Event: 3612.023 Thread 0x000000006c9f1000 Exception <a 'sun/nio/fs/WindowsException'{0x0000000094c18d68}> (0x0000000094c18d68) thrown at [./src/hotspot/share/prims/jni.cpp, line 616]
Event: 3614.032 Thread 0x000000006c9f1000 Exception <a 'java/security/PrivilegedActionException'{0x0000000094565888}> (0x0000000094565888) thrown at [./src/hotspot/share/prims/jvm.cpp, line 1306]
Event: 3614.032 Thread 0x000000006c9f1000 Exception <a 'java/security/PrivilegedActionException'{0x0000000094565e00}> (0x0000000094565e00) thrown at [./src/hotspot/share/prims/jvm.cpp, line 1306]
Event: 3614.033 Thread 0x000000006c9f1000 Exception <a 'java/security/PrivilegedActionException'{0x00000000945674a8}> (0x00000000945674a8) thrown at [./src/hotspot/share/prims/jvm.cpp, line 1306]
Event: 3614.033 Thread 0x000000006c9f1000 Exception <a 'java/security/PrivilegedActionException'{0x0000000094567a20}> (0x0000000094567a20) thrown at [./src/hotspot/share/prims/jvm.cpp, line 1306]
Event: 3614.034 Thread 0x000000006c9f1000 Exception <a 'java/security/PrivilegedActionException'{0x0000000094569180}> (0x0000000094569180) thrown at [./src/hotspot/share/prims/jvm.cpp, line 1306]
Event: 3614.035 Thread 0x000000006c9f1000 Exception <a 'java/security/PrivilegedActionException'{0x00000000945696f8}> (0x00000000945696f8) thrown at [./src/hotspot/share/prims/jvm.cpp, line 1306]
Event: 3614.036 Thread 0x000000006c9f1000 Exception <a 'java/security/PrivilegedActionException'{0x000000009456adb8}> (0x000000009456adb8) thrown at [./src/hotspot/share/prims/jvm.cpp, line 1306]
Event: 3614.036 Thread 0x000000006c9f1000 Exception <a 'java/security/PrivilegedActionException'{0x000000009456b330}> (0x000000009456b330) thrown at [./src/hotspot/share/prims/jvm.cpp, line 1306]
Event: 3614.037 Thread 0x000000006c9f1000 Exception <a 'java/security/PrivilegedActionException'{0x000000009456ca30}> (0x000000009456ca30) thrown at [./src/hotspot/share/prims/jvm.cpp, line 1306]
Event: 3614.037 Thread 0x000000006c9f1000 Exception <a 'java/security/PrivilegedActionException'{0x000000009456cfa8}> (0x000000009456cfa8) thrown at [./src/hotspot/share/prims/jvm.cpp, line 1306]
Event: 3614.038 Thread 0x000000006c9f1000 Exception <a 'java/security/PrivilegedActionException'{0x000000009456e708}> (0x000000009456e708) thrown at [./src/hotspot/share/prims/jvm.cpp, line 1306]
Event: 3614.038 Thread 0x000000006c9f1000 Exception <a 'java/security/PrivilegedActionException'{0x000000009456ec80}> (0x000000009456ec80) thrown at [./src/hotspot/share/prims/jvm.cpp, line 1306]
Event: 3624.968 Thread 0x000000006c9f1000 Implicit null exception at 0x000000000ea97f68 to 0x000000000ea97fa1

Events (20 events):
Event: 3666.732 loading class com/sun/xml/bind/v2/model/annotation/Locatable done
Event: 3666.733 loading class com/sun/xml/bind/v2/model/runtime/RuntimeNonElement
Event: 3666.733 loading class com/sun/xml/bind/v2/model/runtime/RuntimeNonElement done
Event: 3666.733 loading class com/sun/xml/bind/v2/model/runtime/RuntimeTypeInfo
Event: 3666.733 loading class com/sun/xml/bind/v2/model/runtime/RuntimeTypeInfo done
Event: 3666.734 loading class com/sun/xml/bind/v2/runtime/InternalBridge
Event: 3666.734 loading class com/sun/xml/bind/v2/runtime/InternalBridge done
Event: 3666.735 loading class com/sun/xml/bind/api/Bridge
Event: 3666.735 loading class com/sun/xml/bind/api/Bridge done
Event: 3666.737 loading class com/sun/xml/bind/v2/runtime/BridgeImpl
Event: 3666.737 loading class com/sun/xml/bind/v2/runtime/BridgeImpl done
Event: 3666.739 loading class com/sun/xml/bind/v2/runtime/JaxBeanInfo
Event: 3666.739 loading class com/sun/xml/bind/v2/runtime/JaxBeanInfo done
Event: 3666.741 loading class com/sun/xml/bind/v2/runtime/ValueListBeanInfoImpl
Event: 3666.741 loading class com/sun/xml/bind/v2/runtime/ValueListBeanInfoImpl done
Event: 3666.751 loading class com/sun/xml/bind/v2/runtime/BridgeAdapter
Event: 3666.751 loading class com/sun/xml/bind/v2/runtime/BridgeAdapter done
Event: 3666.753 loading class com/sun/xml/bind/v2/runtime/IllegalAnnotationsException
Event: 3666.753 loading class com/sun/xml/bind/v2/runtime/IllegalAnnotationsException done
Event: 3666.753 Executing VM operation: G1CollectForAllocation


Dynamic libraries:
0x000000013f720000 - 0x000000013f72a000 	C:\Program Files\Android\Android Studio\jre\bin\java.exe
0x0000000077a20000 - 0x0000000077bc9000 	C:\Windows\SYSTEM32\ntdll.dll
0x0000000077900000 - 0x0000000077a1f000 	C:\Windows\system32\kernel32.dll
0x000007fefdcd0000 - 0x000007fefdd3b000 	C:\Windows\system32\KERNELBASE.dll
0x000007fef6bd0000 - 0x000007fef6be9000 	C:\Program Files\Android\Android Studio\jre\bin\jli.dll
0x000007fefc0a0000 - 0x000007fefc294000 	C:\Windows\WinSxS\amd64_microsoft.windows.common-controls_6595b64144ccf1df_6.0.7601.17514_none_fa396087175ac9ac\COMCTL32.dll
0x000007feff500000 - 0x000007feff59f000 	C:\Windows\system32\msvcrt.dll
0x000007fefefb0000 - 0x000007feff017000 	C:\Windows\system32\GDI32.dll
0x0000000077800000 - 0x00000000778fa000 	C:\Windows\system32\USER32.dll
0x000007fefdeb0000 - 0x000007fefdebe000 	C:\Windows\system32\LPK.dll
0x000007feff2d0000 - 0x000007feff399000 	C:\Windows\system32\USP10.dll
0x000007feff480000 - 0x000007feff4f1000 	C:\Windows\system32\SHLWAPI.dll
0x000007fef1ad0000 - 0x000007fef1ae7000 	C:\Program Files\Android\Android Studio\jre\bin\VCRUNTIME140.dll
0x000007fef1b00000 - 0x000007fef1b04000 	C:\Windows\system32\api-ms-win-crt-runtime-l1-1-0.dll
0x000007fef19d0000 - 0x000007fef1ac4000 	C:\Windows\system32\ucrtbase.DLL
0x000007fef1af0000 - 0x000007fef1af3000 	C:\Windows\system32\api-ms-win-core-timezone-l1-1-0.dll
0x000007fef19c0000 - 0x000007fef19c3000 	C:\Windows\system32\api-ms-win-core-file-l2-1-0.dll
0x000007fef19b0000 - 0x000007fef19b3000 	C:\Windows\system32\api-ms-win-core-localization-l1-2-0.dll
0x000007fef19a0000 - 0x000007fef19a3000 	C:\Windows\system32\api-ms-win-core-synch-l1-2-0.dll
0x000007fef1990000 - 0x000007fef1993000 	C:\Windows\system32\api-ms-win-core-processthreads-l1-1-1.dll
0x000007fef1980000 - 0x000007fef1983000 	C:\Windows\system32\api-ms-win-core-file-l1-2-0.dll
0x000007fef1970000 - 0x000007fef1974000 	C:\Windows\system32\api-ms-win-crt-string-l1-1-0.dll
0x000007fef1960000 - 0x000007fef1963000 	C:\Windows\system32\api-ms-win-crt-heap-l1-1-0.dll
0x000007fef1950000 - 0x000007fef1954000 	C:\Windows\system32\api-ms-win-crt-stdio-l1-1-0.dll
0x000007fef1940000 - 0x000007fef1944000 	C:\Windows\system32\api-ms-win-crt-convert-l1-1-0.dll
0x000007fef1930000 - 0x000007fef1933000 	C:\Windows\system32\api-ms-win-crt-environment-l1-1-0.dll
0x000007fef1900000 - 0x000007fef1903000 	C:\Windows\system32\api-ms-win-crt-filesystem-l1-1-0.dll
0x000007fef1910000 - 0x000007fef1915000 	C:\Windows\system32\api-ms-win-crt-math-l1-1-0.dll
0x000007fef1650000 - 0x000007fef1653000 	C:\Windows\system32\api-ms-win-crt-locale-l1-1-0.dll
0x000007feff5a0000 - 0x000007feff5ce000 	C:\Windows\system32\IMM32.DLL
0x000007fefdda0000 - 0x000007fefdea9000 	C:\Windows\system32\MSCTF.dll
0x000007fef1660000 - 0x000007fef16fd000 	C:\Program Files\Android\Android Studio\jre\bin\msvcp140.dll
0x000007fef1470000 - 0x000007fef1475000 	C:\Windows\system32\api-ms-win-crt-multibyte-l1-1-0.dll
0x000007fef18f0000 - 0x000007fef18f3000 	C:\Windows\system32\api-ms-win-crt-time-l1-1-0.dll
0x000007fef1920000 - 0x000007fef1923000 	C:\Windows\system32\api-ms-win-crt-utility-l1-1-0.dll
0x000007feef270000 - 0x000007feefd72000 	C:\Program Files\Android\Android Studio\jre\bin\server\jvm.dll
0x000007feff9a0000 - 0x000007feffa7b000 	C:\Windows\system32\ADVAPI32.dll
0x000007feff980000 - 0x000007feff99f000 	C:\Windows\SYSTEM32\sechost.dll
0x000007feff5d0000 - 0x000007feff6fd000 	C:\Windows\system32\RPCRT4.dll
0x000007fef3410000 - 0x000007fef3419000 	C:\Windows\system32\WSOCK32.dll
0x000007fefdff0000 - 0x000007fefe03d000 	C:\Windows\system32\WS2_32.dll
0x000007feff020000 - 0x000007feff028000 	C:\Windows\system32\NSI.dll
0x000007fef6a60000 - 0x000007fef6a9b000 	C:\Windows\system32\WINMM.dll
0x000007fefce30000 - 0x000007fefce3c000 	C:\Windows\system32\VERSION.dll
0x0000000077be0000 - 0x0000000077be7000 	C:\Windows\system32\PSAPI.DLL
0x000007fef18d0000 - 0x000007fef18e1000 	C:\Program Files\Android\Android Studio\jre\bin\verify.dll
0x000007fef6080000 - 0x000007fef61a5000 	C:\Windows\system32\DBGHELP.DLL
0x000007fef18a0000 - 0x000007fef18c9000 	C:\Program Files\Android\Android Studio\jre\bin\java.dll
0x000007fef1890000 - 0x000007fef189b000 	C:\Program Files\Android\Android Studio\jre\bin\jimage.dll
0x000007fef1870000 - 0x000007fef1888000 	C:\Program Files\Android\Android Studio\jre\bin\zip.dll
0x000007fefe220000 - 0x000007fefefa8000 	C:\Windows\system32\SHELL32.dll
0x000007feffb20000 - 0x000007feffd23000 	C:\Windows\system32\ole32.dll
0x000007fefd970000 - 0x000007fefd97f000 	C:\Windows\system32\profapi.dll
0x000007fef1630000 - 0x000007fef164a000 	C:\Program Files\Android\Android Studio\jre\bin\net.dll
0x000007fef0eb0000 - 0x000007fef0f21000 	C:\Windows\system32\WINHTTP.dll
0x000007fef0e40000 - 0x000007fef0ea4000 	C:\Windows\system32\webio.dll
0x000007fefd260000 - 0x000007fefd2b5000 	C:\Windows\system32\mswsock.dll
0x000007fefd250000 - 0x000007fefd257000 	C:\Windows\System32\wship6.dll
0x000007fef1480000 - 0x000007fef1494000 	C:\Program Files\Android\Android Studio\jre\bin\nio.dll
0x000007fef6ab0000 - 0x000007fef6ad7000 	C:\Users\AMR\.gradle\native\e1d6ef7f7dcc3fd88c89a11ec53ec762bb8ba0a96d01ffa2cd45eb1d1d8dd5c5\windows-amd64\native-platform.dll
0x000007fef13c0000 - 0x000007fef13ca000 	C:\Program Files\Android\Android Studio\jre\bin\management.dll
0x000007fef13b0000 - 0x000007fef13bd000 	C:\Program Files\Android\Android Studio\jre\bin\management_ext.dll
0x000007fefd2c0000 - 0x000007fefd2d7000 	C:\Windows\system32\CRYPTSP.dll
0x000007fefcfc0000 - 0x000007fefd007000 	C:\Windows\system32\rsaenh.dll
0x000007fefcc50000 - 0x000007fefcc6e000 	C:\Windows\system32\USERENV.dll
0x000007fefd860000 - 0x000007fefd86f000 	C:\Windows\system32\CRYPTBASE.dll
0x000007fefb170000 - 0x000007fefb197000 	C:\Windows\system32\IPHLPAPI.DLL
0x000007fefb160000 - 0x000007fefb16b000 	C:\Windows\system32\WINNSI.DLL
0x000007fefa1e0000 - 0x000007fefa1f1000 	C:\Windows\system32\dhcpcsvc6.DLL
0x000007fefa1c0000 - 0x000007fefa1d8000 	C:\Windows\system32\dhcpcsvc.DLL
0x000007fef6b00000 - 0x000007fef6b08000 	C:\Program Files\Android\Android Studio\jre\bin\rmi.dll
0x000007feee320000 - 0x000007feee347000 	C:\Program Files\Android\Android Studio\jre\bin\sunec.dll
0x000007fefd800000 - 0x000007fefd857000 	C:\Windows\system32\apphelp.dll

dbghelp: loaded successfully - version: 4.0.5 - missing functions: none
symbol engine: initialized successfully - sym options: 0x614 - pdb path: .;C:\Program Files\Android\Android Studio\jre\bin;C:\Windows\SYSTEM32;C:\Windows\WinSxS\amd64_microsoft.windows.common-controls_6595b64144ccf1df_6.0.7601.17514_none_fa396087175ac9ac;C:\Program Files\Android\Android Studio\jre\bin\server;C:\Users\AMR\.gradle\native\e1d6ef7f7dcc3fd88c89a11ec53ec762bb8ba0a96d01ffa2cd45eb1d1d8dd5c5\windows-amd64

VM Arguments:
jvm_args: --add-opens=java.base/java.util=ALL-UNNAMED --add-opens=java.base/java.lang=ALL-UNNAMED --add-opens=java.base/java.lang.invoke=ALL-UNNAMED --add-opens=java.base/java.util=ALL-UNNAMED --add-opens=java.prefs/java.util.prefs=ALL-UNNAMED --add-opens=java.prefs/java.util.prefs=ALL-UNNAMED --add-opens=java.base/java.nio.charset=ALL-UNNAMED --add-opens=java.base/java.net=ALL-UNNAMED --add-opens=java.base/java.util.concurrent.atomic=ALL-UNNAMED -Xmx2048m -Dfile.encoding=UTF-8 -Duser.country=US -Duser.language=en -Duser.variant 
java_command: org.gradle.launcher.daemon.bootstrap.GradleDaemon 7.4
java_class_path (initial): C:\Users\AMR\.gradle\wrapper\dists\gradle-7.4-bin\c0gwcg53nkjbqw7r0h0umtfvt\gradle-7.4\lib\gradle-launcher-7.4.jar
Launcher Type: SUN_STANDARD

[Global flags]
     intx CICompilerCount                          = 3                                         {product} {ergonomic}
     uint ConcGCThreads                            = 1                                         {product} {ergonomic}
     uint G1ConcRefinementThreads                  = 4                                         {product} {ergonomic}
   size_t G1HeapRegionSize                         = 1048576                                   {product} {ergonomic}
    uintx GCDrainStackTargetSize                   = 64                                        {product} {ergonomic}
   size_t InitialHeapSize                          = 50331648                                  {product} {ergonomic}
   size_t MarkStackSize                            = 4194304                                   {product} {ergonomic}
   size_t MaxHeapSize                              = 2147483648                                {product} {command line}
   size_t MaxNewSize                               = 1287651328                                {product} {ergonomic}
   size_t MinHeapDeltaBytes                        = 1048576                                   {product} {ergonomic}
    uintx NonNMethodCodeHeapSize                   = 5830732                                {pd product} {ergonomic}
    uintx NonProfiledCodeHeapSize                  = 122913754                              {pd product} {ergonomic}
    uintx ProfiledCodeHeapSize                     = 122913754                              {pd product} {ergonomic}
    uintx ReservedCodeCacheSize                    = 251658240                              {pd product} {ergonomic}
     bool SegmentedCodeCache                       = true                                      {product} {ergonomic}
     bool UseCompressedClassPointers               = true                                 {lp64_product} {ergonomic}
     bool UseCompressedOops                        = true                                 {lp64_product} {ergonomic}
     bool UseG1GC                                  = true                                      {product} {ergonomic}
     bool UseLargePagesIndividualAllocation        = false                                  {pd product} {ergonomic}

Logging:
Log output configuration:
 #0: stdout all=warning uptime,level,tags
 #1: stderr all=off uptime,level,tags

Environment Variables:
PATH=C:\Program Files\Common Files\Oracle\Java\javapath;C:\Windows\system32;C:\Windows;C:\Windows\System32\Wbem;C:\Windows\System32\WindowsPowerShell\v1.0\;C:\Program Files (x86)\Intel\OpenCL SDK\2.0\bin\x86;C:\Program Files (x86)\Intel\OpenCL SDK\2.0\bin\x64
USERNAME=AMR
OS=Windows_NT
PROCESSOR_IDENTIFIER=Intel64 Family 6 Model 42 Stepping 7, GenuineIntel



---------------  S Y S T E M  ---------------

OS: Windows 7 , 64 bit Build 7601 (6.1.7601.17514)
OS uptime: 0 days 3:50 hours

CPU:total 4 (initial active 4) (2 cores per cpu, 2 threads per core) family 6 model 42 stepping 7 microcode 0x0, cmov, cx8, fxsr, mmx, sse, sse2, sse3, ssse3, sse4.1, sse4.2, popcnt, avx, clmul, ht, tsc, tscinvbit

Memory: 4k page, system-wide physical 2985M (166M free)
TotalPageFile size 8120M (AvailPageFile size 675M)
current process WorkingSet (physical memory assigned to process): 512M, peak: 518M
current process commit charge ("private bytes"): 736M, peak: 1412M

vm_info: OpenJDK 64-Bit Server VM (11.0.13+0-b1751.21-8125866) for windows-amd64 JRE (11.0.13+0-b1751.21-8125866), built on Feb  2 2022 03:00:22 by "builder" with MS VC++ 14.0 (VS2015)

END.
